INFO  2018-11-02 09:21:30,779 [main] org.mule.module.launcher.application.DefaultMuleApplication: 
++++++++++++++++++++++++++++++++++++++++++++++++++++++++++++
+ Initializing app 'gateway'                               +
++++++++++++++++++++++++++++++++++++++++++++++++++++++++++++
INFO  2018-11-02 09:21:30,798 [main] org.mule.lifecycle.AbstractLifecycleManager: Initialising RegistryBroker
INFO  2018-11-02 09:21:30,809 [main] org.mule.module.extension.internal.manager.DefaultExtensionManager: Starting discovery of extensions
INFO  2018-11-02 09:21:31,158 [main] org.mule.module.extension.internal.manager.DefaultExtensionManager: Discovered 1 extensions
INFO  2018-11-02 09:21:31,159 [main] org.mule.module.extension.internal.manager.DefaultExtensionManager: Registering extension validation (version 3.9)
INFO  2018-11-02 09:21:31,170 [main] org.mule.config.spring.MuleArtifactContext: Refreshing org.mule.config.spring.MuleArtifactContext@3127cb44: startup date [Fri Nov 02 09:21:31 EDT 2018]; parent: org.mule.config.spring.MuleDomainContext@5827af16
INFO  2018-11-02 09:21:31,498 [main] org.springframework.security.core.SpringSecurityCoreVersion: You are running with Spring Security Core 4.2.3.RELEASE
WARN  2018-11-02 09:21:31,503 [main] org.springframework.security.core.SpringSecurityCoreVersion: **** You are advised to use Spring 4.3.9.RELEASE or later with this version. You are running: 4.1.9.RELEASE
INFO  2018-11-02 09:21:31,503 [main] org.springframework.security.config.SecurityNamespaceHandler: Spring Security 'config' module version is 4.2.3.RELEASE
WARN  2018-11-02 09:21:31,537 [main] org.mule.config.spring.util.SpringXMLUtils: Id (_muleSecurityManager) and name (test) differ for mule-ss:security-manager{name=Spring Security Provider, id=_muleSecurityManager, name=test}
WARN  2018-11-02 09:21:31,730 [main] org.mule.transport.http.config.HttpResponseBuilderDefinitionParser: Schema warning: Use of element <response-builder> is deprecated.  HTTP transport is deprecated and will be removed in Mule 4.0. Use HTTP module instead..
WARN  2018-11-02 09:21:31,733 [main] org.mule.config.spring.parsers.specific.SecurityFilterDefinitionParser: Schema warning: Use of element <basic-security-filter> is deprecated.  HTTP transport is deprecated and will be removed in Mule 4.0. Use HTTP module instead..
INFO  2018-11-02 09:21:31,806 [main] org.springframework.context.support.PropertySourcesPlaceholderConfigurer: Loading properties file from class path resource [gateway.properties]
INFO  2018-11-02 09:21:31,810 [main] org.springframework.context.support.PropertySourcesPlaceholderConfigurer: Loading properties file from class path resource [gateway.properties]
INFO  2018-11-02 09:21:31,823 [main] org.mule.config.spring.processors.NoDevkitInjectorProcessor: JSR-330 'javax.inject.Inject' annotation found and supported for autowiring
WARN  2018-11-02 09:21:32,886 [main] org.mule.module.ognl.expression.OgnlExpressionEvaluator: OGNL module is deprecated and will be removed in Mule 4.0. Use MEL expressions instead.
INFO  2018-11-02 09:21:33,174 [main] org.mule.util.journal.TransactionJournal: Using files for tx logs C:\Users\c14699a\AnypointStudio\workspace\.mule\.\.mule\gateway\queue-tx-log\tx1.log and C:\Users\c14699a\AnypointStudio\workspace\.mule\.\.mule\gateway\queue-tx-log\tx2.log
INFO  2018-11-02 09:21:33,178 [main] org.mule.util.journal.TransactionJournal: Using files for tx logs C:\Users\c14699a\AnypointStudio\workspace\.mule\.\.mule\gateway\queue-xa-tx-log\tx1.log and C:\Users\c14699a\AnypointStudio\workspace\.mule\.\.mule\gateway\queue-xa-tx-log\tx2.log
INFO  2018-11-02 09:21:33,267 [main] org.mule.lifecycle.AbstractLifecycleManager: Initialising model: _muleSystemModel
INFO  2018-11-02 09:21:33,269 [main] org.mule.construct.FlowConstructLifecycleManager: Initialising flow: Gateway
INFO  2018-11-02 09:21:33,270 [main] org.mule.exception.CatchMessagingExceptionStrategy: Initialising exception listener: org.mule.exception.CatchMessagingExceptionStrategy@7523d5a1
INFO  2018-11-02 09:21:33,270 [main] org.mule.exception.CatchMessagingExceptionStrategy: Initialising exception listener: org.mule.exception.CatchMessagingExceptionStrategy@2bfc2f8b
INFO  2018-11-02 09:21:33,287 [main] org.mule.component.ComponentLifecycleManager: Initialising component: component.79791382
INFO  2018-11-02 09:21:33,674 [main] org.mule.construct.FlowConstructLifecycleManager: Initialising flow: End_Process
INFO  2018-11-02 09:21:33,674 [main] org.mule.exception.CatchMessagingExceptionStrategy: Initialising exception listener: org.mule.exception.CatchMessagingExceptionStrategy@3335afcf
INFO  2018-11-02 09:21:33,721 [main] org.mule.config.spring.SpringXmlConfigurationBuilder: Configured Mule using "org.mule.config.spring.SpringXmlConfigurationBuilder" with configuration resource(s): "[ConfigResource{resourceName='C:\Users\c14699a\AnypointStudio\workspace\.mule\apps\gateway\gateway.xml'}]"
INFO  2018-11-02 09:21:33,721 [main] org.mule.config.builders.AutoConfigurationBuilder: Configured Mule using "org.mule.config.builders.AutoConfigurationBuilder" with configuration resource(s): "[ConfigResource{resourceName='C:\Users\c14699a\AnypointStudio\workspace\.mule\apps\gateway\gateway.xml'}]"
INFO  2018-11-02 09:21:33,725 [main] com.mulesoft.module.policies.lifecyle.GateKeeper: GateKeeper Mode: DISABLED
INFO  2018-11-02 09:21:33,726 [main] org.mule.module.launcher.application.DefaultMuleApplication: 
++++++++++++++++++++++++++++++++++++++++++++++++++++++++++++
+ Starting app 'gateway'                                   +
++++++++++++++++++++++++++++++++++++++++++++++++++++++++++++
INFO  2018-11-02 09:21:33,728 [main] org.mule.util.queue.QueueXaResourceManager: Starting ResourceManager
INFO  2018-11-02 09:21:33,728 [main] org.mule.util.queue.QueueXaResourceManager: Started ResourceManager
INFO  2018-11-02 09:21:33,757 [main] org.mule.module.http.internal.listener.DefaultHttpListenerConfig: Listening for requests on http://0.0.0.0:8083
INFO  2018-11-02 09:21:33,761 [main] org.mule.modules.oauth2.provider.agents.DefaultSplashScreenAgent: 
++++++++++++++++++++++++++++++++++++++++++++++++++++++++++++++++++++++++++++++++
+ DevKit Extensions (1) used in this application 
CollibraDGC 1.4.2 (DevKit    +
+ 3.6.0 Build UNNAMED.2363.ef5c8a7)+
                                          +
++++++++++++++++++++++++++++++++++++++++++++++++++++++++++++++++++++++++++++++++
INFO  2018-11-02 09:21:33,762 [main] org.mule.lifecycle.AbstractLifecycleManager: Starting model: _muleSystemModel
INFO  2018-11-02 09:21:33,763 [main] org.mule.construct.FlowConstructLifecycleManager: Starting flow: Gateway
INFO  2018-11-02 09:21:33,763 [main] org.mule.component.ComponentLifecycleManager: Starting component: component.79791382
INFO  2018-11-02 09:21:33,763 [main] org.mule.construct.FlowConstructLifecycleManager: Starting flow: End_Process
INFO  2018-11-02 09:21:33,801 [main] org.mule.transport.vm.VMConnector: Registering listener: End_Process on endpointUri: vm://gateway_end_process
INFO  2018-11-02 09:21:33,812 [main] org.mule.lifecycle.AbstractLifecycleManager: Initialising: 'null'. Object is: VMMessageReceiver
INFO  2018-11-02 09:21:33,813 [main] org.mule.transport.vm.VMMessageReceiver: Connecting clusterizable message receiver
INFO  2018-11-02 09:21:33,814 [main] org.mule.lifecycle.AbstractLifecycleManager: Starting: 'null'. Object is: VMMessageReceiver
INFO  2018-11-02 09:21:33,814 [main] org.mule.transport.vm.VMMessageReceiver: Starting clusterizable message receiver
INFO  2018-11-02 09:21:33,829 [main] org.mule.module.management.agent.AbstractJmxAgent: Attempting to register service with name: Mule.gateway:type=Endpoint,service="End_Process",connector=domain-shared-vm-connector,name="endpoint.vm.gateway.end.process"
INFO  2018-11-02 09:21:33,829 [main] org.mule.module.management.agent.AbstractJmxAgent: Registered Endpoint Service with name: Mule.gateway:type=Endpoint,service="End_Process",connector=domain-shared-vm-connector,name="endpoint.vm.gateway.end.process"
INFO  2018-11-02 09:21:33,830 [main] org.mule.module.management.agent.AbstractJmxAgent: Registered Connector Service with name Mule.gateway:type=Connector,name="domain-shared-vm-connector"
INFO  2018-11-02 09:21:33,833 [main] org.mule.DefaultMuleContext: 
**********************************************************************
* Application: gateway                                               *
* OS encoding: \, Mule encoding: UTF-8                               *
*                                                                    *
* Agents Running:                                                    *
*   Batch module default engine                                      *
*   JMX Agent                                                        *
*   DevKit Extension Information                                     *
*   JMX Agent                                                        *
*   Wrapper Manager                                                  *
**********************************************************************
INFO  2018-11-02 09:30:08,052 [[gateway].HTTP_Listener_Configuration.worker.01] org.mule.api.processor.LoggerMessageProcessor: Received a message with payload: ParameterMap{[flowId=[dq2dgc_dqresult], payload=[{
 "externalSystemId": "MyExternalSystemId",
 "communityName": "MyCommunity",
 "results": [{
 "externalEntityId": "1234",
 "name": "Completeness.Must be valid value.SALES_DB.CUST_SCH.ADDRS_TBL.CNTRY_CD",
 "description": "The description of the metric",
 "note": "Notes about this metric",
 "dimension": "Completeness",
 "evaluatedColumns": [{
 "databaseName": "SALES_DB",
 "schemaName": "CUST_SCH",
 "tableName": "ADDRS_TBL",
 "name": "CNTRY_CD"
 }],
 "rowsPassed": 500,
 "rowsFailed": 1500,
 "qualityScore": 75,
 "result": true,
 "threshold": 80,
 "customAttributes": [{
 "typeId": "00000000-0000-0000-0000-000000000216",
 "values": ["The root cause analysis of the quality score below threshold"]
 }]
 }]
}]]}
INFO  2018-11-02 09:30:08,181 [[gateway].HTTP_Listener_Configuration.worker.01] org.mule.lifecycle.AbstractLifecycleManager: Initialising: 'domain-shared-vm-connector.dispatcher.1626679535'. Object is: VMMessageDispatcher
INFO  2018-11-02 09:30:08,181 [[gateway].HTTP_Listener_Configuration.worker.01] org.mule.lifecycle.AbstractLifecycleManager: Starting: 'domain-shared-vm-connector.dispatcher.1626679535'. Object is: VMMessageDispatcher
ERROR 2018-11-02 09:30:08,222 [[gateway].HTTP_Listener_Configuration.worker.01] org.mule.exception.CatchMessagingExceptionStrategy: 
********************************************************************************
Message               : There is no receiver registered on connector "domain-shared-vm-connector" for endpointUri vm://dq2dgc_dqresult
Payload               : {
 "externalSystemId": "MyExternalSystemId",
 "communityName": "MyCommunity",
 "results": [{
 "externalEntityId": "1234",
 "name": "Completeness.Must be valid value.SALES_DB.CUST_SCH.ADDRS_TBL.CNTRY_CD",
 "description": "The description of the metric",
 "note": "Notes about this metric",
 "dimension": "Completeness",
 "evaluatedColumns": [{
 "databaseName": "SALES_DB",
 "schemaName": "CUST_SCH",
 "tableName": "ADDRS_TBL",
 "name": "CNTRY_CD"
 }],
 "rowsPassed": 500,
 "rowsFailed": 1500,
 "qualityScore": 75,
 "result": true,
 "threshold": 80,
 "customAttributes": [{
 "typeId": "00000000-0000-0000-0000-000000000216",
 "values": ["The root cause analysis of the quality score below threshold"]
 }]
 }]
}
Payload Type          : java.lang.String
Element               : null @ gateway:gateway.xml:90 (Start process)
Element XML           : <vm:outbound-endpoint exchange-pattern="request-response" path="#[flowVars.flowToInvoke]" doc:name="Start process" connector-ref="domain-shared-vm-connector"></vm:outbound-endpoint>
--------------------------------------------------------------------------------
Root Exception stack trace:
org.mule.api.transport.NoReceiverForEndpointException: There is no receiver registered on connector "domain-shared-vm-connector" for endpointUri vm://dq2dgc_dqresult
	at org.mule.transport.vm.VMMessageDispatcher.doSend(VMMessageDispatcher.java:79)
	at org.mule.transport.AbstractMessageDispatcher.process(AbstractMessageDispatcher.java:103)
	at org.mule.transport.AbstractConnector$DispatcherMessageProcessor.process(AbstractConnector.java:2735)
	at org.mule.execution.ExceptionToMessagingExceptionExecutionInterceptor.execute(ExceptionToMessagingExceptionExecutionInterceptor.java:27)
	at org.mule.execution.MessageProcessorNotificationExecutionInterceptor.execute(MessageProcessorNotificationExecutionInterceptor.java:111)
	at org.mule.execution.MessageProcessorExecutionTemplate.execute(MessageProcessorExecutionTemplate.java:44)
	at org.mule.processor.BlockingProcessorExecutor.executeNext(BlockingProcessorExecutor.java:88)
	at org.mule.processor.BlockingProcessorExecutor.execute(BlockingProcessorExecutor.java:59)
	at org.mule.execution.ExceptionToMessagingExceptionExecutionInterceptor.execute(ExceptionToMessagingExceptionExecutionInterceptor.java:27)
	at org.mule.execution.MessageProcessorExecutionTemplate.execute(MessageProcessorExecutionTemplate.java:44)
	at org.mule.processor.BlockingProcessorExecutor.executeNext(BlockingProcessorExecutor.java:98)
	at org.mule.processor.BlockingProcessorExecutor.execute(BlockingProcessorExecutor.java:59)
	at org.mule.processor.AbstractRequestResponseMessageProcessor.processBlocking(AbstractRequestResponseMessageProcessor.java:57)
	at org.mule.processor.AbstractRequestResponseMessageProcessor.process(AbstractRequestResponseMessageProcessor.java:48)
	at org.mule.execution.ExceptionToMessagingExceptionExecutionInterceptor.execute(ExceptionToMessagingExceptionExecutionInterceptor.java:27)
	at org.mule.execution.MessageProcessorNotificationExecutionInterceptor.execute(MessageProcessorNotificationExecutionInterceptor.java:111)
	at org.mule.execution.MessageProcessorExecutionTemplate.execute(MessageProcessorExecutionTemplate.java:44)
	at org.mule.processor.BlockingProcessorExecutor.executeNext(BlockingProcessorExecutor.java:88)
	at org.mule.processor.BlockingProcessorExecutor.execute(BlockingProcessorExecutor.java:59)
	at org.mule.execution.ExceptionToMessagingExceptionExecutionInterceptor.execute(ExceptionToMessagingExceptionExecutionInterceptor.java:27)
	at org.mule.execution.MessageProcessorExecutionTemplate.execute(MessageProcessorExecutionTemplate.java:44)
	at org.mule.processor.BlockingProcessorExecutor.executeNext(BlockingProcessorExecutor.java:98)
	at org.mule.processor.BlockingProcessorExecutor.execute(BlockingProcessorExecutor.java:59)
	at org.mule.processor.EndpointTransactionalInterceptingMessageProcessor.process(EndpointTransactionalInterceptingMessageProcessor.java:71)
	at org.mule.execution.ExceptionToMessagingExceptionExecutionInterceptor.execute(ExceptionToMessagingExceptionExecutionInterceptor.java:27)
	at org.mule.execution.MessageProcessorNotificationExecutionInterceptor.execute(MessageProcessorNotificationExecutionInterceptor.java:111)
	at org.mule.execution.MessageProcessorExecutionTemplate.execute(MessageProcessorExecutionTemplate.java:44)
	at org.mule.processor.BlockingProcessorExecutor.executeNext(BlockingProcessorExecutor.java:98)
	at org.mule.processor.BlockingProcessorExecutor.execute(BlockingProcessorExecutor.java:59)
	at org.mule.processor.AbstractFilteringMessageProcessor.process(AbstractFilteringMessageProcessor.java:62)
	at org.mule.execution.ExceptionToMessagingExceptionExecutionInterceptor.execute(ExceptionToMessagingExceptionExecutionInterceptor.java:27)
	at org.mule.execution.MessageProcessorNotificationExecutionInterceptor.execute(MessageProcessorNotificationExecutionInterceptor.java:111)
	at org.mule.execution.MessageProcessorExecutionTemplate.execute(MessageProcessorExecutionTemplate.java:44)
	at org.mule.processor.BlockingProcessorExecutor.executeNext(BlockingProcessorExecutor.java:88)
	at org.mule.processor.BlockingProcessorExecutor.execute(BlockingProcessorExecutor.java:59)
	at org.mule.execution.ExceptionToMessagingExceptionExecutionInterceptor.execute(ExceptionToMessagingExceptionExecutionInterceptor.java:27)
	at org.mule.execution.MessageProcessorNotificationExecutionInterceptor.execute(MessageProcessorNotificationExecutionInterceptor.java:111)
	at org.mule.execution.MessageProcessorExecutionTemplate.execute(MessageProcessorExecutionTemplate.java:44)
	at org.mule.execution.ExceptionToMessagingExceptionExecutionInterceptor.execute(ExceptionToMessagingExceptionExecutionInterceptor.java:27)
	at org.mule.execution.MessageProcessorNotificationExecutionInterceptor.execute(MessageProcessorNotificationExecutionInterceptor.java:111)
	at org.mule.execution.MessageProcessorExecutionTemplate.execute(MessageProcessorExecutionTemplate.java:44)
	at org.mule.processor.BlockingProcessorExecutor.executeNext(BlockingProcessorExecutor.java:88)
	at org.mule.processor.BlockingProcessorExecutor.execute(BlockingProcessorExecutor.java:59)
	at org.mule.execution.ExceptionToMessagingExceptionExecutionInterceptor.execute(ExceptionToMessagingExceptionExecutionInterceptor.java:27)
	at org.mule.execution.MessageProcessorNotificationExecutionInterceptor.execute(MessageProcessorNotificationExecutionInterceptor.java:111)
	at org.mule.execution.MessageProcessorExecutionTemplate.execute(MessageProcessorExecutionTemplate.java:44)
	at org.mule.endpoint.DefaultOutboundEndpoint.process(DefaultOutboundEndpoint.java:100)
	at org.mule.endpoint.DynamicOutboundEndpoint.process(DynamicOutboundEndpoint.java:323)
	at org.mule.execution.ExceptionToMessagingExceptionExecutionInterceptor.execute(ExceptionToMessagingExceptionExecutionInterceptor.java:27)
	at org.mule.execution.MessageProcessorNotificationExecutionInterceptor.execute(MessageProcessorNotificationExecutionInterceptor.java:111)
	at org.mule.execution.MessageProcessorExecutionTemplate.execute(MessageProcessorExecutionTemplate.java:44)
	at org.mule.processor.BlockingProcessorExecutor.executeNext(BlockingProcessorExecutor.java:98)
	at org.mule.processor.BlockingProcessorExecutor.execute(BlockingProcessorExecutor.java:59)
	at org.mule.execution.ExceptionToMessagingExceptionExecutionInterceptor.execute(ExceptionToMessagingExceptionExecutionInterceptor.java:27)
	at org.mule.execution.MessageProcessorExecutionTemplate.execute(MessageProcessorExecutionTemplate.java:44)
	at org.mule.processor.BlockingProcessorExecutor.executeNext(BlockingProcessorExecutor.java:98)
	at org.mule.processor.BlockingProcessorExecutor.execute(BlockingProcessorExecutor.java:59)
	at org.mule.processor.SecurityFilterMessageProcessor.process(SecurityFilterMessageProcessor.java:60)
	at org.mule.execution.ExceptionToMessagingExceptionExecutionInterceptor.execute(ExceptionToMessagingExceptionExecutionInterceptor.java:27)
	at org.mule.execution.MessageProcessorNotificationExecutionInterceptor.execute(MessageProcessorNotificationExecutionInterceptor.java:111)
	at org.mule.execution.MessageProcessorExecutionTemplate.execute(MessageProcessorExecutionTemplate.java:44)
	at org.mule.processor.BlockingProcessorExecutor.executeNext(BlockingProcessorExecutor.java:88)
	at org.mule.processor.BlockingProcessorExecutor.execute(BlockingProcessorExecutor.java:59)
	at org.mule.execution.ExceptionToMessagingExceptionExecutionInterceptor.execute(ExceptionToMessagingExceptionExecutionInterceptor.java:27)
	at org.mule.execution.MessageProcessorExecutionTemplate.execute(MessageProcessorExecutionTemplate.java:44)
	at org.mule.processor.BlockingProcessorExecutor.executeNext(BlockingProcessorExecutor.java:98)
	at org.mule.processor.BlockingProcessorExecutor.execute(BlockingProcessorExecutor.java:59)
	at org.mule.construct.DynamicPipelineMessageProcessor.process(DynamicPipelineMessageProcessor.java:55)
	at org.mule.execution.ExceptionToMessagingExceptionExecutionInterceptor.execute(ExceptionToMessagingExceptionExecutionInterceptor.java:27)
	at org.mule.execution.MessageProcessorNotificationExecutionInterceptor.execute(MessageProcessorNotificationExecutionInterceptor.java:111)
	at org.mule.execution.MessageProcessorExecutionTemplate.execute(MessageProcessorExecutionTemplate.java:44)
	at org.mule.processor.BlockingProcessorExecutor.executeNext(BlockingProcessorExecutor.java:88)
	at org.mule.processor.BlockingProcessorExecutor.execute(BlockingProcessorExecutor.java:59)
	at org.mule.execution.ExceptionToMessagingExceptionExecutionInterceptor.execute(ExceptionToMessagingExceptionExecutionInterceptor.java:27)
	at org.mule.execution.MessageProcessorExecutionTemplate.execute(MessageProcessorExecutionTemplate.java:44)
	at org.mule.processor.BlockingProcessorExecutor.executeNext(BlockingProcessorExecutor.java:98)
	at org.mule.processor.BlockingProcessorExecutor.execute(BlockingProcessorExecutor.java:59)
	at org.mule.interceptor.AbstractEnvelopeInterceptor.processBlocking(AbstractEnvelopeInterceptor.java:59)
	at org.mule.processor.AbstractRequestResponseMessageProcessor.process(AbstractRequestResponseMessageProcessor.java:48)
	at org.mule.execution.ExceptionToMessagingExceptionExecutionInterceptor.execute(ExceptionToMessagingExceptionExecutionInterceptor.java:27)
	at org.mule.execution.MessageProcessorNotificationExecutionInterceptor.execute(MessageProcessorNotificationExecutionInterceptor.java:111)
	at org.mule.execution.MessageProcessorExecutionTemplate.execute(MessageProcessorExecutionTemplate.java:44)
	at org.mule.processor.BlockingProcessorExecutor.executeNext(BlockingProcessorExecutor.java:98)
	at org.mule.processor.BlockingProcessorExecutor.execute(BlockingProcessorExecutor.java:59)
	at org.mule.processor.AbstractFilteringMessageProcessor.process(AbstractFilteringMessageProcessor.java:62)
	at org.mule.execution.ExceptionToMessagingExceptionExecutionInterceptor.execute(ExceptionToMessagingExceptionExecutionInterceptor.java:27)
	at org.mule.execution.MessageProcessorNotificationExecutionInterceptor.execute(MessageProcessorNotificationExecutionInterceptor.java:111)
	at org.mule.execution.MessageProcessorExecutionTemplate.execute(MessageProcessorExecutionTemplate.java:44)
	at org.mule.processor.BlockingProcessorExecutor.executeNext(BlockingProcessorExecutor.java:98)
	at org.mule.processor.BlockingProcessorExecutor.execute(BlockingProcessorExecutor.java:59)
	at org.mule.processor.AbstractRequestResponseMessageProcessor.processBlocking(AbstractRequestResponseMessageProcessor.java:57)
	at org.mule.processor.AbstractRequestResponseMessageProcessor.process(AbstractRequestResponseMessageProcessor.java:48)
	at org.mule.execution.ExceptionToMessagingExceptionExecutionInterceptor.execute(ExceptionToMessagingExceptionExecutionInterceptor.java:27)
	at org.mule.execution.MessageProcessorNotificationExecutionInterceptor.execute(MessageProcessorNotificationExecutionInterceptor.java:111)
	at org.mule.execution.MessageProcessorExecutionTemplate.execute(MessageProcessorExecutionTemplate.java:44)
	at org.mule.processor.BlockingProcessorExecutor.executeNext(BlockingProcessorExecutor.java:88)
	at org.mule.processor.BlockingProcessorExecutor.execute(BlockingProcessorExecutor.java:59)
	at org.mule.execution.ExceptionToMessagingExceptionExecutionInterceptor.execute(ExceptionToMessagingExceptionExecutionInterceptor.java:27)
	at org.mule.execution.MessageProcessorNotificationExecutionInterceptor.execute(MessageProcessorNotificationExecutionInterceptor.java:111)
	at org.mule.execution.MessageProcessorExecutionTemplate.execute(MessageProcessorExecutionTemplate.java:44)
	at org.mule.construct.AbstractPipeline$3.process(AbstractPipeline.java:232)
	at org.mule.module.http.internal.listener.HttpMessageProcessorTemplate.routeEvent(HttpMessageProcessorTemplate.java:73)
	at org.mule.execution.AsyncResponseFlowProcessingPhase$1.process(AsyncResponseFlowProcessingPhase.java:73)
	at org.mule.execution.AsyncResponseFlowProcessingPhase$1.process(AsyncResponseFlowProcessingPhase.java:60)
	at org.mule.execution.ExecuteCallbackInterceptor.execute(ExecuteCallbackInterceptor.java:16)
	at org.mule.execution.CommitTransactionInterceptor.execute(CommitTransactionInterceptor.java:35)
	at org.mule.execution.CommitTransactionInterceptor.execute(CommitTransactionInterceptor.java:22)
	at org.mule.execution.HandleExceptionInterceptor.execute(HandleExceptionInterceptor.java:30)
	at org.mule.execution.HandleExceptionInterceptor.execute(HandleExceptionInterceptor.java:14)
	at org.mule.execution.BeginAndResolveTransactionInterceptor.execute(BeginAndResolveTransactionInterceptor.java:67)
	at org.mule.execution.ResolvePreviousTransactionInterceptor.execute(ResolvePreviousTransactionInterceptor.java:44)
	at org.mule.execution.SuspendXaTransactionInterceptor.execute(SuspendXaTransactionInterceptor.java:50)
	at org.mule.execution.ValidateTransactionalStateInterceptor.execute(ValidateTransactionalStateInterceptor.java:40)
	at org.mule.execution.IsolateCurrentTransactionInterceptor.execute(IsolateCurrentTransactionInterceptor.java:41)
	at org.mule.execution.ExternalTransactionInterceptor.execute(ExternalTransactionInterceptor.java:48)
	at org.mule.execution.RethrowExceptionInterceptor.execute(RethrowExceptionInterceptor.java:28)
	at org.mule.execution.RethrowExceptionInterceptor.execute(RethrowExceptionInterceptor.java:13)
	at org.mule.execution.TransactionalErrorHandlingExecutionTemplate.execute(TransactionalErrorHandlingExecutionTemplate.java:110)
	at org.mule.execution.AsyncResponseFlowProcessingPhase.runPhase(AsyncResponseFlowProcessingPhase.java:59)
	at org.mule.execution.AsyncResponseFlowProcessingPhase.runPhase(AsyncResponseFlowProcessingPhase.java:36)
	at org.mule.execution.PhaseExecutionEngine$InternalPhaseExecutionEngine.phaseSuccessfully(PhaseExecutionEngine.java:65)
	at org.mule.execution.PhaseExecutionEngine$InternalPhaseExecutionEngine.phaseSuccessfully(PhaseExecutionEngine.java:69)
	at com.mulesoft.mule.throttling.ThrottlingPhase.runPhase(ThrottlingPhase.java:187)
	at com.mulesoft.mule.throttling.ThrottlingPhase.runPhase(ThrottlingPhase.java:58)
	at org.mule.execution.PhaseExecutionEngine$InternalPhaseExecutionEngine.phaseSuccessfully(PhaseExecutionEngine.java:65)
	at com.mulesoft.gateway.http.phases.GatewayValidationPhase.runPhase(GatewayValidationPhase.java:93)
	at com.mulesoft.gateway.http.phases.GatewayValidationPhase.runPhase(GatewayValidationPhase.java:49)
	at org.mule.execution.PhaseExecutionEngine$InternalPhaseExecutionEngine.phaseSuccessfully(PhaseExecutionEngine.java:65)
	at org.mule.modules.cors.CorsPhase.runPhase(CorsPhase.java:112)
	at org.mule.modules.cors.CorsPhase.runPhase(CorsPhase.java:39)
	at org.mule.execution.PhaseExecutionEngine$InternalPhaseExecutionEngine.process(PhaseExecutionEngine.java:114)
	at org.mule.execution.PhaseExecutionEngine.process(PhaseExecutionEngine.java:41)
	at org.mule.execution.MuleMessageProcessingManager.processMessage(MuleMessageProcessingManager.java:32)
	at org.mule.module.http.internal.listener.DefaultHttpListener$1.handleRequest(DefaultHttpListener.java:135)
	at org.mule.module.http.internal.listener.grizzly.GrizzlyRequestDispatcherFilter.handleRead(GrizzlyRequestDispatcherFilter.java:105)
	at org.glassfish.grizzly.filterchain.ExecutorResolver$9.execute(ExecutorResolver.java:119)
	at org.glassfish.grizzly.filterchain.DefaultFilterChain.executeFilter(DefaultFilterChain.java:284)
	at org.glassfish.grizzly.filterchain.DefaultFilterChain.executeChainPart(DefaultFilterChain.java:201)
	at org.glassfish.grizzly.filterchain.DefaultFilterChain.execute(DefaultFilterChain.java:133)
	at org.glassfish.grizzly.filterchain.DefaultFilterChain.process(DefaultFilterChain.java:112)
	at org.glassfish.grizzly.ProcessorExecutor.execute(ProcessorExecutor.java:77)
	at org.glassfish.grizzly.nio.transport.TCPNIOTransport.fireIOEvent(TCPNIOTransport.java:539)
	at org.glassfish.grizzly.strategies.AbstractIOStrategy.fireIOEvent(AbstractIOStrategy.java:112)
	at org.mule.module.http.internal.listener.grizzly.ExecutorPerServerAddressIOStrategy.run0(ExecutorPerServerAddressIOStrategy.java:126)
	at org.mule.module.http.internal.listener.grizzly.ExecutorPerServerAddressIOStrategy.access$100(ExecutorPerServerAddressIOStrategy.java:32)
	at org.mule.module.http.internal.listener.grizzly.ExecutorPerServerAddressIOStrategy$WorkerThreadRunnable.run(ExecutorPerServerAddressIOStrategy.java:149)
	at java.util.concurrent.ThreadPoolExecutor.runWorker(Unknown Source)
	at java.util.concurrent.ThreadPoolExecutor$Worker.run(Unknown Source)
	at java.lang.Thread.run(Unknown Source)

********************************************************************************

INFO  2018-11-02 09:30:48,999 [[gateway].HTTP_Listener_Configuration.worker.01] org.mule.api.processor.LoggerMessageProcessor: Received a message with payload: ParameterMap{[flowId=[updateRules], payload=[{
 "externalSystemId": "MyExternalSystemId",
 "communityName": "MyCommunity",
 "results": [{
 "externalEntityId": "1234",
 "name": "Completeness.Must be valid value.SALES_DB.CUST_SCH.ADDRS_TBL.CNTRY_CD",
 "description": "The description of the metric",
 "note": "Notes about this metric",
 "dimension": "Completeness",
 "evaluatedColumns": [{
 "databaseName": "SALES_DB",
 "schemaName": "CUST_SCH",
 "tableName": "ADDRS_TBL",
 "name": "CNTRY_CD"
 }],
 "rowsPassed": 500,
 "rowsFailed": 1500,
 "qualityScore": 75,
 "result": true,
 "threshold": 80,
 "customAttributes": [{
 "typeId": "00000000-0000-0000-0000-000000000216",
 "values": ["The root cause analysis of the quality score below threshold"]
 }]
 }]
}]]}
INFO  2018-11-02 09:30:49,001 [[gateway].HTTP_Listener_Configuration.worker.01] org.mule.lifecycle.AbstractLifecycleManager: Initialising: 'domain-shared-vm-connector.dispatcher.840926626'. Object is: VMMessageDispatcher
INFO  2018-11-02 09:30:49,001 [[gateway].HTTP_Listener_Configuration.worker.01] org.mule.lifecycle.AbstractLifecycleManager: Starting: 'domain-shared-vm-connector.dispatcher.840926626'. Object is: VMMessageDispatcher
INFO  2018-11-02 09:51:52,494 [[gateway].HTTP_Listener_Configuration.worker.01] org.mule.api.processor.LoggerMessageProcessor: Received a message with payload: ParameterMap{[flowId=[updateRules], payload=[{
 "externalSystemId": "MyExternalSystemId",
 "communityName": "MyCommunity",
 "results": [{
 "externalEntityId": "1234",
 "name": "Completeness.Must be valid value.SALES_DB.CUST_SCH.ADDRS_TBL.CNTRY_CD",
 "description": "The description of the metric",
 "note": "Notes about this metric",
 "dimension": "Completeness",
 "evaluatedColumns": [{
 "databaseName": "SALES_DB",
 "schemaName": "CUST_SCH",
 "tableName": "ADDRS_TBL",
 "name": "CNTRY_CD"
 }],
 "rowsPassed": 500,
 "rowsFailed": 1500,
 "qualityScore": 75,
 "result": true,
 "threshold": 80,
 "customAttributes": [{
 "typeId": "00000000-0000-0000-0000-000000000216",
 "values": ["The root cause analysis of the quality score below threshold"]
 }]
 }]
}]]}
INFO  2018-11-02 09:58:00,995 [[gateway].HTTP_Listener_Configuration.worker.01] org.mule.api.processor.LoggerMessageProcessor: Received a message with payload: ParameterMap{[flowId=[updateRules], payload=[{
 "externalSystemId": "MyExternalSystemId",
 "communityName": "MyCommunity",
 "results": [{
 "externalEntityId": "1234",
 "name": "Completeness.Must be valid value.SALES_DB.CUST_SCH.ADDRS_TBL.CNTRY_CD",
 "description": "The description of the metric",
 "note": "Notes about this metric",
 "dimension": "Completeness",
 "evaluatedColumns": [{
 "databaseName": "SALES_DB",
 "schemaName": "CUST_SCH",
 "tableName": "ADDRS_TBL",
 "name": "CNTRY_CD"
 }],
 "rowsPassed": 500,
 "rowsFailed": 1500,
 "qualityScore": 75,
 "result": true,
 "threshold": 80,
 "customAttributes": [{
 "typeId": "00000000-0000-0000-0000-000000000216",
 "values": ["The root cause analysis of the quality score below threshold"]
 }]
 }]
}]]}
INFO  2018-11-02 10:00:29,310 [[gateway].HTTP_Listener_Configuration.worker.01] org.mule.api.processor.LoggerMessageProcessor: Received a message with payload: ParameterMap{[flowId=[updateRules], payload=[{
 "externalSystemId": "MyExternalSystemId",
 "communityName": "MyCommunity",
 "results": [{
 "externalEntityId": "1234",
 "name": "Completeness.Must be valid value.SALES_DB.CUST_SCH.ADDRS_TBL.CNTRY_CD",
 "description": "The description of the metric",
 "note": "Notes about this metric",
 "dimension": "Completeness",
 "evaluatedColumns": [{
 "databaseName": "SALES_DB",
 "schemaName": "CUST_SCH",
 "tableName": "ADDRS_TBL",
 "name": "CNTRY_CD"
 }],
 "rowsPassed": 500,
 "rowsFailed": 1500,
 "qualityScore": 75,
 "result": true,
 "threshold": 80,
 "customAttributes": [{
 "typeId": "00000000-0000-0000-0000-000000000216",
 "values": ["The root cause analysis of the quality score below threshold"]
 }]
 }]
}]]}
ERROR 2018-11-02 10:00:29,315 [[gateway].HTTP_Listener_Configuration.worker.01] org.mule.exception.CatchMessagingExceptionStrategy: 
********************************************************************************
Message               : There is no receiver registered on connector "domain-shared-vm-connector" for endpointUri vm://updateRules
Payload               : {
 "externalSystemId": "MyExternalSystemId",
 "communityName": "MyCommunity",
 "results": [{
 "externalEntityId": "1234",
 "name": "Completeness.Must be valid value.SALES_DB.CUST_SCH.ADDRS_TBL.CNTRY_CD",
 "description": "The description of the metric",
 "note": "Notes about this metric",
 "dimension": "Completeness",
 "evaluatedColumns": [{
 "databaseName": "SALES_DB",
 "schemaName": "CUST_SCH",
 "tableName": "ADDRS_TBL",
 "name": "CNTRY_CD"
 }],
 "rowsPassed": 500,
 "rowsFailed": 1500,
 "qualityScore": 75,
 "result": true,
 "threshold": 80,
 "customAttributes": [{
 "typeId": "00000000-0000-0000-0000-000000000216",
 "values": ["The root cause analysis of the quality score below threshold"]
 }]
 }]
}
Payload Type          : java.lang.String
Element               : null @ gateway:gateway.xml:90 (Start process)
Element XML           : <vm:outbound-endpoint exchange-pattern="request-response" path="#[flowVars.flowToInvoke]" doc:name="Start process" connector-ref="domain-shared-vm-connector"></vm:outbound-endpoint>
--------------------------------------------------------------------------------
Root Exception stack trace:
org.mule.api.transport.NoReceiverForEndpointException: There is no receiver registered on connector "domain-shared-vm-connector" for endpointUri vm://updateRules
	at org.mule.transport.vm.VMMessageDispatcher.doSend(VMMessageDispatcher.java:79)
	at org.mule.transport.AbstractMessageDispatcher.process(AbstractMessageDispatcher.java:103)
	at org.mule.transport.AbstractConnector$DispatcherMessageProcessor.process(AbstractConnector.java:2735)
	at org.mule.execution.ExceptionToMessagingExceptionExecutionInterceptor.execute(ExceptionToMessagingExceptionExecutionInterceptor.java:27)
	at org.mule.execution.MessageProcessorNotificationExecutionInterceptor.execute(MessageProcessorNotificationExecutionInterceptor.java:111)
	at org.mule.execution.MessageProcessorExecutionTemplate.execute(MessageProcessorExecutionTemplate.java:44)
	at org.mule.processor.BlockingProcessorExecutor.executeNext(BlockingProcessorExecutor.java:88)
	at org.mule.processor.BlockingProcessorExecutor.execute(BlockingProcessorExecutor.java:59)
	at org.mule.execution.ExceptionToMessagingExceptionExecutionInterceptor.execute(ExceptionToMessagingExceptionExecutionInterceptor.java:27)
	at org.mule.execution.MessageProcessorExecutionTemplate.execute(MessageProcessorExecutionTemplate.java:44)
	at org.mule.processor.BlockingProcessorExecutor.executeNext(BlockingProcessorExecutor.java:98)
	at org.mule.processor.BlockingProcessorExecutor.execute(BlockingProcessorExecutor.java:59)
	at org.mule.processor.AbstractRequestResponseMessageProcessor.processBlocking(AbstractRequestResponseMessageProcessor.java:57)
	at org.mule.processor.AbstractRequestResponseMessageProcessor.process(AbstractRequestResponseMessageProcessor.java:48)
	at org.mule.execution.ExceptionToMessagingExceptionExecutionInterceptor.execute(ExceptionToMessagingExceptionExecutionInterceptor.java:27)
	at org.mule.execution.MessageProcessorNotificationExecutionInterceptor.execute(MessageProcessorNotificationExecutionInterceptor.java:111)
	at org.mule.execution.MessageProcessorExecutionTemplate.execute(MessageProcessorExecutionTemplate.java:44)
	at org.mule.processor.BlockingProcessorExecutor.executeNext(BlockingProcessorExecutor.java:88)
	at org.mule.processor.BlockingProcessorExecutor.execute(BlockingProcessorExecutor.java:59)
	at org.mule.execution.ExceptionToMessagingExceptionExecutionInterceptor.execute(ExceptionToMessagingExceptionExecutionInterceptor.java:27)
	at org.mule.execution.MessageProcessorExecutionTemplate.execute(MessageProcessorExecutionTemplate.java:44)
	at org.mule.processor.BlockingProcessorExecutor.executeNext(BlockingProcessorExecutor.java:98)
	at org.mule.processor.BlockingProcessorExecutor.execute(BlockingProcessorExecutor.java:59)
	at org.mule.processor.EndpointTransactionalInterceptingMessageProcessor.process(EndpointTransactionalInterceptingMessageProcessor.java:71)
	at org.mule.execution.ExceptionToMessagingExceptionExecutionInterceptor.execute(ExceptionToMessagingExceptionExecutionInterceptor.java:27)
	at org.mule.execution.MessageProcessorNotificationExecutionInterceptor.execute(MessageProcessorNotificationExecutionInterceptor.java:111)
	at org.mule.execution.MessageProcessorExecutionTemplate.execute(MessageProcessorExecutionTemplate.java:44)
	at org.mule.processor.BlockingProcessorExecutor.executeNext(BlockingProcessorExecutor.java:98)
	at org.mule.processor.BlockingProcessorExecutor.execute(BlockingProcessorExecutor.java:59)
	at org.mule.processor.AbstractFilteringMessageProcessor.process(AbstractFilteringMessageProcessor.java:62)
	at org.mule.execution.ExceptionToMessagingExceptionExecutionInterceptor.execute(ExceptionToMessagingExceptionExecutionInterceptor.java:27)
	at org.mule.execution.MessageProcessorNotificationExecutionInterceptor.execute(MessageProcessorNotificationExecutionInterceptor.java:111)
	at org.mule.execution.MessageProcessorExecutionTemplate.execute(MessageProcessorExecutionTemplate.java:44)
	at org.mule.processor.BlockingProcessorExecutor.executeNext(BlockingProcessorExecutor.java:88)
	at org.mule.processor.BlockingProcessorExecutor.execute(BlockingProcessorExecutor.java:59)
	at org.mule.execution.ExceptionToMessagingExceptionExecutionInterceptor.execute(ExceptionToMessagingExceptionExecutionInterceptor.java:27)
	at org.mule.execution.MessageProcessorNotificationExecutionInterceptor.execute(MessageProcessorNotificationExecutionInterceptor.java:111)
	at org.mule.execution.MessageProcessorExecutionTemplate.execute(MessageProcessorExecutionTemplate.java:44)
	at org.mule.execution.ExceptionToMessagingExceptionExecutionInterceptor.execute(ExceptionToMessagingExceptionExecutionInterceptor.java:27)
	at org.mule.execution.MessageProcessorNotificationExecutionInterceptor.execute(MessageProcessorNotificationExecutionInterceptor.java:111)
	at org.mule.execution.MessageProcessorExecutionTemplate.execute(MessageProcessorExecutionTemplate.java:44)
	at org.mule.processor.BlockingProcessorExecutor.executeNext(BlockingProcessorExecutor.java:88)
	at org.mule.processor.BlockingProcessorExecutor.execute(BlockingProcessorExecutor.java:59)
	at org.mule.execution.ExceptionToMessagingExceptionExecutionInterceptor.execute(ExceptionToMessagingExceptionExecutionInterceptor.java:27)
	at org.mule.execution.MessageProcessorNotificationExecutionInterceptor.execute(MessageProcessorNotificationExecutionInterceptor.java:111)
	at org.mule.execution.MessageProcessorExecutionTemplate.execute(MessageProcessorExecutionTemplate.java:44)
	at org.mule.endpoint.DefaultOutboundEndpoint.process(DefaultOutboundEndpoint.java:100)
	at org.mule.endpoint.DynamicOutboundEndpoint.process(DynamicOutboundEndpoint.java:323)
	at org.mule.execution.ExceptionToMessagingExceptionExecutionInterceptor.execute(ExceptionToMessagingExceptionExecutionInterceptor.java:27)
	at org.mule.execution.MessageProcessorNotificationExecutionInterceptor.execute(MessageProcessorNotificationExecutionInterceptor.java:111)
	at org.mule.execution.MessageProcessorExecutionTemplate.execute(MessageProcessorExecutionTemplate.java:44)
	at org.mule.processor.BlockingProcessorExecutor.executeNext(BlockingProcessorExecutor.java:98)
	at org.mule.processor.BlockingProcessorExecutor.execute(BlockingProcessorExecutor.java:59)
	at org.mule.execution.ExceptionToMessagingExceptionExecutionInterceptor.execute(ExceptionToMessagingExceptionExecutionInterceptor.java:27)
	at org.mule.execution.MessageProcessorExecutionTemplate.execute(MessageProcessorExecutionTemplate.java:44)
	at org.mule.processor.BlockingProcessorExecutor.executeNext(BlockingProcessorExecutor.java:98)
	at org.mule.processor.BlockingProcessorExecutor.execute(BlockingProcessorExecutor.java:59)
	at org.mule.processor.SecurityFilterMessageProcessor.process(SecurityFilterMessageProcessor.java:60)
	at org.mule.execution.ExceptionToMessagingExceptionExecutionInterceptor.execute(ExceptionToMessagingExceptionExecutionInterceptor.java:27)
	at org.mule.execution.MessageProcessorNotificationExecutionInterceptor.execute(MessageProcessorNotificationExecutionInterceptor.java:111)
	at org.mule.execution.MessageProcessorExecutionTemplate.execute(MessageProcessorExecutionTemplate.java:44)
	at org.mule.processor.BlockingProcessorExecutor.executeNext(BlockingProcessorExecutor.java:88)
	at org.mule.processor.BlockingProcessorExecutor.execute(BlockingProcessorExecutor.java:59)
	at org.mule.execution.ExceptionToMessagingExceptionExecutionInterceptor.execute(ExceptionToMessagingExceptionExecutionInterceptor.java:27)
	at org.mule.execution.MessageProcessorExecutionTemplate.execute(MessageProcessorExecutionTemplate.java:44)
	at org.mule.processor.BlockingProcessorExecutor.executeNext(BlockingProcessorExecutor.java:98)
	at org.mule.processor.BlockingProcessorExecutor.execute(BlockingProcessorExecutor.java:59)
	at org.mule.construct.DynamicPipelineMessageProcessor.process(DynamicPipelineMessageProcessor.java:55)
	at org.mule.execution.ExceptionToMessagingExceptionExecutionInterceptor.execute(ExceptionToMessagingExceptionExecutionInterceptor.java:27)
	at org.mule.execution.MessageProcessorNotificationExecutionInterceptor.execute(MessageProcessorNotificationExecutionInterceptor.java:111)
	at org.mule.execution.MessageProcessorExecutionTemplate.execute(MessageProcessorExecutionTemplate.java:44)
	at org.mule.processor.BlockingProcessorExecutor.executeNext(BlockingProcessorExecutor.java:88)
	at org.mule.processor.BlockingProcessorExecutor.execute(BlockingProcessorExecutor.java:59)
	at org.mule.execution.ExceptionToMessagingExceptionExecutionInterceptor.execute(ExceptionToMessagingExceptionExecutionInterceptor.java:27)
	at org.mule.execution.MessageProcessorExecutionTemplate.execute(MessageProcessorExecutionTemplate.java:44)
	at org.mule.processor.BlockingProcessorExecutor.executeNext(BlockingProcessorExecutor.java:98)
	at org.mule.processor.BlockingProcessorExecutor.execute(BlockingProcessorExecutor.java:59)
	at org.mule.interceptor.AbstractEnvelopeInterceptor.processBlocking(AbstractEnvelopeInterceptor.java:59)
	at org.mule.processor.AbstractRequestResponseMessageProcessor.process(AbstractRequestResponseMessageProcessor.java:48)
	at org.mule.execution.ExceptionToMessagingExceptionExecutionInterceptor.execute(ExceptionToMessagingExceptionExecutionInterceptor.java:27)
	at org.mule.execution.MessageProcessorNotificationExecutionInterceptor.execute(MessageProcessorNotificationExecutionInterceptor.java:111)
	at org.mule.execution.MessageProcessorExecutionTemplate.execute(MessageProcessorExecutionTemplate.java:44)
	at org.mule.processor.BlockingProcessorExecutor.executeNext(BlockingProcessorExecutor.java:98)
	at org.mule.processor.BlockingProcessorExecutor.execute(BlockingProcessorExecutor.java:59)
	at org.mule.processor.AbstractFilteringMessageProcessor.process(AbstractFilteringMessageProcessor.java:62)
	at org.mule.execution.ExceptionToMessagingExceptionExecutionInterceptor.execute(ExceptionToMessagingExceptionExecutionInterceptor.java:27)
	at org.mule.execution.MessageProcessorNotificationExecutionInterceptor.execute(MessageProcessorNotificationExecutionInterceptor.java:111)
	at org.mule.execution.MessageProcessorExecutionTemplate.execute(MessageProcessorExecutionTemplate.java:44)
	at org.mule.processor.BlockingProcessorExecutor.executeNext(BlockingProcessorExecutor.java:98)
	at org.mule.processor.BlockingProcessorExecutor.execute(BlockingProcessorExecutor.java:59)
	at org.mule.processor.AbstractRequestResponseMessageProcessor.processBlocking(AbstractRequestResponseMessageProcessor.java:57)
	at org.mule.processor.AbstractRequestResponseMessageProcessor.process(AbstractRequestResponseMessageProcessor.java:48)
	at org.mule.execution.ExceptionToMessagingExceptionExecutionInterceptor.execute(ExceptionToMessagingExceptionExecutionInterceptor.java:27)
	at org.mule.execution.MessageProcessorNotificationExecutionInterceptor.execute(MessageProcessorNotificationExecutionInterceptor.java:111)
	at org.mule.execution.MessageProcessorExecutionTemplate.execute(MessageProcessorExecutionTemplate.java:44)
	at org.mule.processor.BlockingProcessorExecutor.executeNext(BlockingProcessorExecutor.java:88)
	at org.mule.processor.BlockingProcessorExecutor.execute(BlockingProcessorExecutor.java:59)
	at org.mule.execution.ExceptionToMessagingExceptionExecutionInterceptor.execute(ExceptionToMessagingExceptionExecutionInterceptor.java:27)
	at org.mule.execution.MessageProcessorNotificationExecutionInterceptor.execute(MessageProcessorNotificationExecutionInterceptor.java:111)
	at org.mule.execution.MessageProcessorExecutionTemplate.execute(MessageProcessorExecutionTemplate.java:44)
	at org.mule.construct.AbstractPipeline$3.process(AbstractPipeline.java:232)
	at org.mule.module.http.internal.listener.HttpMessageProcessorTemplate.routeEvent(HttpMessageProcessorTemplate.java:73)
	at org.mule.execution.AsyncResponseFlowProcessingPhase$1.process(AsyncResponseFlowProcessingPhase.java:73)
	at org.mule.execution.AsyncResponseFlowProcessingPhase$1.process(AsyncResponseFlowProcessingPhase.java:60)
	at org.mule.execution.ExecuteCallbackInterceptor.execute(ExecuteCallbackInterceptor.java:16)
	at org.mule.execution.CommitTransactionInterceptor.execute(CommitTransactionInterceptor.java:35)
	at org.mule.execution.CommitTransactionInterceptor.execute(CommitTransactionInterceptor.java:22)
	at org.mule.execution.HandleExceptionInterceptor.execute(HandleExceptionInterceptor.java:30)
	at org.mule.execution.HandleExceptionInterceptor.execute(HandleExceptionInterceptor.java:14)
	at org.mule.execution.BeginAndResolveTransactionInterceptor.execute(BeginAndResolveTransactionInterceptor.java:67)
	at org.mule.execution.ResolvePreviousTransactionInterceptor.execute(ResolvePreviousTransactionInterceptor.java:44)
	at org.mule.execution.SuspendXaTransactionInterceptor.execute(SuspendXaTransactionInterceptor.java:50)
	at org.mule.execution.ValidateTransactionalStateInterceptor.execute(ValidateTransactionalStateInterceptor.java:40)
	at org.mule.execution.IsolateCurrentTransactionInterceptor.execute(IsolateCurrentTransactionInterceptor.java:41)
	at org.mule.execution.ExternalTransactionInterceptor.execute(ExternalTransactionInterceptor.java:48)
	at org.mule.execution.RethrowExceptionInterceptor.execute(RethrowExceptionInterceptor.java:28)
	at org.mule.execution.RethrowExceptionInterceptor.execute(RethrowExceptionInterceptor.java:13)
	at org.mule.execution.TransactionalErrorHandlingExecutionTemplate.execute(TransactionalErrorHandlingExecutionTemplate.java:110)
	at org.mule.execution.AsyncResponseFlowProcessingPhase.runPhase(AsyncResponseFlowProcessingPhase.java:59)
	at org.mule.execution.AsyncResponseFlowProcessingPhase.runPhase(AsyncResponseFlowProcessingPhase.java:36)
	at org.mule.execution.PhaseExecutionEngine$InternalPhaseExecutionEngine.phaseSuccessfully(PhaseExecutionEngine.java:65)
	at org.mule.execution.PhaseExecutionEngine$InternalPhaseExecutionEngine.phaseSuccessfully(PhaseExecutionEngine.java:69)
	at com.mulesoft.mule.throttling.ThrottlingPhase.runPhase(ThrottlingPhase.java:187)
	at com.mulesoft.mule.throttling.ThrottlingPhase.runPhase(ThrottlingPhase.java:58)
	at org.mule.execution.PhaseExecutionEngine$InternalPhaseExecutionEngine.phaseSuccessfully(PhaseExecutionEngine.java:65)
	at com.mulesoft.gateway.http.phases.GatewayValidationPhase.runPhase(GatewayValidationPhase.java:93)
	at com.mulesoft.gateway.http.phases.GatewayValidationPhase.runPhase(GatewayValidationPhase.java:49)
	at org.mule.execution.PhaseExecutionEngine$InternalPhaseExecutionEngine.phaseSuccessfully(PhaseExecutionEngine.java:65)
	at org.mule.modules.cors.CorsPhase.runPhase(CorsPhase.java:112)
	at org.mule.modules.cors.CorsPhase.runPhase(CorsPhase.java:39)
	at org.mule.execution.PhaseExecutionEngine$InternalPhaseExecutionEngine.process(PhaseExecutionEngine.java:114)
	at org.mule.execution.PhaseExecutionEngine.process(PhaseExecutionEngine.java:41)
	at org.mule.execution.MuleMessageProcessingManager.processMessage(MuleMessageProcessingManager.java:32)
	at org.mule.module.http.internal.listener.DefaultHttpListener$1.handleRequest(DefaultHttpListener.java:135)
	at org.mule.module.http.internal.listener.grizzly.GrizzlyRequestDispatcherFilter.handleRead(GrizzlyRequestDispatcherFilter.java:105)
	at org.glassfish.grizzly.filterchain.ExecutorResolver$9.execute(ExecutorResolver.java:119)
	at org.glassfish.grizzly.filterchain.DefaultFilterChain.executeFilter(DefaultFilterChain.java:284)
	at org.glassfish.grizzly.filterchain.DefaultFilterChain.executeChainPart(DefaultFilterChain.java:201)
	at org.glassfish.grizzly.filterchain.DefaultFilterChain.execute(DefaultFilterChain.java:133)
	at org.glassfish.grizzly.filterchain.DefaultFilterChain.process(DefaultFilterChain.java:112)
	at org.glassfish.grizzly.ProcessorExecutor.execute(ProcessorExecutor.java:77)
	at org.glassfish.grizzly.nio.transport.TCPNIOTransport.fireIOEvent(TCPNIOTransport.java:539)
	at org.glassfish.grizzly.strategies.AbstractIOStrategy.fireIOEvent(AbstractIOStrategy.java:112)
	at org.mule.module.http.internal.listener.grizzly.ExecutorPerServerAddressIOStrategy.run0(ExecutorPerServerAddressIOStrategy.java:126)
	at org.mule.module.http.internal.listener.grizzly.ExecutorPerServerAddressIOStrategy.access$100(ExecutorPerServerAddressIOStrategy.java:32)
	at org.mule.module.http.internal.listener.grizzly.ExecutorPerServerAddressIOStrategy$WorkerThreadRunnable.run(ExecutorPerServerAddressIOStrategy.java:149)
	at java.util.concurrent.ThreadPoolExecutor.runWorker(Unknown Source)
	at java.util.concurrent.ThreadPoolExecutor$Worker.run(Unknown Source)
	at java.lang.Thread.run(Unknown Source)

********************************************************************************

INFO  2018-11-02 10:00:40,571 [[gateway].HTTP_Listener_Configuration.worker.01] org.mule.api.processor.LoggerMessageProcessor: Received a message with payload: ParameterMap{[flowId=[updateRules], payload=[{
 "externalSystemId": "MyExternalSystemId",
 "communityName": "MyCommunity",
 "results": [{
 "externalEntityId": "1234",
 "name": "Completeness.Must be valid value.SALES_DB.CUST_SCH.ADDRS_TBL.CNTRY_CD",
 "description": "The description of the metric",
 "note": "Notes about this metric",
 "dimension": "Completeness",
 "evaluatedColumns": [{
 "databaseName": "SALES_DB",
 "schemaName": "CUST_SCH",
 "tableName": "ADDRS_TBL",
 "name": "CNTRY_CD"
 }],
 "rowsPassed": 500,
 "rowsFailed": 1500,
 "qualityScore": 75,
 "result": true,
 "threshold": 80,
 "customAttributes": [{
 "typeId": "00000000-0000-0000-0000-000000000216",
 "values": ["The root cause analysis of the quality score below threshold"]
 }]
 }]
}]]}
INFO  2018-11-02 10:03:26,487 [[gateway].HTTP_Listener_Configuration.worker.01] org.mule.api.processor.LoggerMessageProcessor: Received a message with payload: ParameterMap{[flowId=[updateRules], payload=[{
 "externalSystemId": "MyExternalSystemId",
 "communityName": "MyCommunity",
 "results": [{
 "externalEntityId": "1234",
 "name": "Completeness.Must be valid value.SALES_DB.CUST_SCH.ADDRS_TBL.CNTRY_CD",
 "description": "The description of the metric",
 "note": "Notes about this metric",
 "dimension": "Completeness",
 "evaluatedColumns": [{
 "databaseName": "SALES_DB",
 "schemaName": "CUST_SCH",
 "tableName": "ADDRS_TBL",
 "name": "CNTRY_CD"
 }],
 "rowsPassed": 500,
 "rowsFailed": 1500,
 "qualityScore": 75,
 "result": true,
 "threshold": 80,
 "customAttributes": [{
 "typeId": "00000000-0000-0000-0000-000000000216",
 "values": ["The root cause analysis of the quality score below threshold"]
 }]
 }]
}]]}
INFO  2018-11-02 10:06:09,576 [[gateway].HTTP_Listener_Configuration.worker.01] org.mule.api.processor.LoggerMessageProcessor: Received a message with payload: ParameterMap{[flowId=[updateRules], payload=[{
 "externalSystemId": "MyExternalSystemId",
 "communityName": "MyCommunity",
 "results": [{
 "externalEntityId": "1234",
 "name": "Completeness.Must be valid value.SALES_DB.CUST_SCH.ADDRS_TBL.CNTRY_CD",
 "description": "The description of the metric",
 "note": "Notes about this metric",
 "dimension": "Completeness",
 "evaluatedColumns": [{
 "databaseName": "SALES_DB",
 "schemaName": "CUST_SCH",
 "tableName": "ADDRS_TBL",
 "name": "CNTRY_CD"
 }],
 "rowsPassed": 500,
 "rowsFailed": 1500,
 "qualityScore": 75,
 "result": true,
 "threshold": 80,
 "customAttributes": [{
 "typeId": "00000000-0000-0000-0000-000000000216",
 "values": ["The root cause analysis of the quality score below threshold"]
 }]
 }]
}]]}
INFO  2018-11-02 11:08:06,716 [[gateway].HTTP_Listener_Configuration.worker.01] org.mule.api.processor.LoggerMessageProcessor: Received a message with payload: ParameterMap{[flowId=[updateRules], payload=[{
  "externalSystemId": "Pandora 5.9.3",
  "communityName": "Pandora 5.9.3",
  "results": [
    {
      "externalEntityId": "test.public.ALERTS.EXAMPLE",
      "name": "test",
      "description": "test",
      "note": "Check If Alphabetic",
      "dimension": "Completeness",
      "evaluatedColumns": [
        {
          "databaseName": "test",
          "schemaName": "public",
          "tableName": "ALERTS",
          "name": "EXAMPLE"
        }
      ],
      "rowsPassed": 1,
      "rowsFailed": 0,
      "qualityScore": 100,
      "result": false,
      "threshold": 30   
    }
  ]
}
]]}
INFO  2018-11-02 11:16:58,148 [[gateway].HTTP_Listener_Configuration.worker.01] org.mule.api.processor.LoggerMessageProcessor: Received a message with payload: ParameterMap{[flowId=[updateRules], payload=[{
  "externalSystemId": "Pandora 5.9.3",
  "communityName": "Pandora 5.9.3",
  "results": [
    {
      "externalEntityId": "test.public.ALERTS.EXAMPLE",
      "name": "test",
      "description": "test",
      "note": "Check If Alphabetic",
      "dimension": "Completeness",
      "evaluatedColumns": [
        {
          "databaseName": "test",
          "schemaName": "public",
          "tableName": "ALERTS",
          "name": "EXAMPLE"
        }
      ],
      "rowsPassed": 1,
      "rowsFailed": 0,
      "qualityScore": 100,
      "result": false,
      "threshold": 30   
    }
  ]
}
]]}
INFO  2018-11-02 11:17:28,350 [[gateway].HTTP_Listener_Configuration.worker.01] org.mule.api.processor.LoggerMessageProcessor: Received a message with payload: ParameterMap{[flowId=[updateRules], payload=[{
  "externalSystemId": "Pandora 5.9.3",
  "communityName": "Pandora 5.9.3",
  "results": [
    {
      "externalEntityId": "test.public.ALERTS.EXAMPLE",
      "name": "test",
      "description": "test",
      "note": "Check If Alphabetic",
      "dimension": "Completeness",
      "evaluatedColumns": [
        {
          "databaseName": "test",
          "schemaName": "public",
          "tableName": "ALERTS",
          "name": "EXAMPLE"
        }
      ],
      "rowsPassed": 1,
      "rowsFailed": 0,
      "qualityScore": 100,
      "result": false,
      "threshold": 30   
    }
  ]
}
]]}
INFO  2018-11-02 11:21:37,714 [[gateway].HTTP_Listener_Configuration.worker.01] org.mule.api.processor.LoggerMessageProcessor: Received a message with payload: ParameterMap{[flowId=[updateRules], payload=[{
  "externalSystemId": "Pandora 5.9.3",
  "communityName": "Pandora 5.9.3",
  "results": [
    {
      "externalEntityId": "test.public.ALERTS.EXAMPLE",
      "name": "test",
      "description": "test",
      "note": "Check If Alphabetic",
      "dimension": "Completeness",
      "evaluatedColumns": [
        {
          "databaseName": "test",
          "schemaName": "public",
          "tableName": "ALERTS",
          "name": "EXAMPLE"
        }
      ],
      "rowsPassed": 1,
      "rowsFailed": 0,
      "qualityScore": 100,
      "result": false,
      "threshold": 30   
    }
  ]
}
]]}
INFO  2018-11-02 11:26:25,050 [[gateway].HTTP_Listener_Configuration.worker.01] org.mule.api.processor.LoggerMessageProcessor: Received a message with payload: ParameterMap{[flowId=[updateRules], payload=[{
  "externalSystemId": "Pandora 5.9.3",
  "communityName": "Pandora 5.9.3",
  "results": [
    {
      "externalEntityId": "test.public.ALERTS.EXAMPLE",
      "name": "test",
      "description": "test",
      "note": "Check If Alphabetic",
      "dimension": "Completeness",
      "evaluatedColumns": [
        {
          "databaseName": "test",
          "schemaName": "public",
          "tableName": "ALERTS",
          "name": "EXAMPLE"
        }
      ],
      "rowsPassed": 1,
      "rowsFailed": 0,
      "qualityScore": 100,
      "result": false,
      "threshold": 30   
    }
  ]
}
]]}
INFO  2018-11-02 11:29:15,555 [[gateway].HTTP_Listener_Configuration.worker.01] org.mule.api.processor.LoggerMessageProcessor: Received a message with payload: ParameterMap{[flowId=[updateRules], payload=[{
  "externalSystemId": "Pandora 5.9.3",
  "communityName": "Pandora 5.9.3",
  "results": [
    {
      "externalEntityId": "test.public.ALERTS.EXAMPLE",
      "name": "test",
      "description": "test",
      "note": "Check If Alphabetic",
      "dimension": "Completeness",
      "evaluatedColumns": [
        {
          "databaseName": "test",
          "schemaName": "public",
          "tableName": "ALERTS",
          "name": "EXAMPLE"
        }
      ],
      "rowsPassed": 1,
      "rowsFailed": 0,
      "qualityScore": 100,
      "result": false,
      "threshold": 30   
    }
  ]
}
]]}
INFO  2018-11-02 11:30:57,865 [[gateway].HTTP_Listener_Configuration.worker.01] org.mule.api.processor.LoggerMessageProcessor: Received a message with payload: ParameterMap{[flowId=[updateRules], payload=[{
  "externalSystemId": "Pandora 5.9.3",
  "communityName": "Pandora 5.9.3",
  "results": [
    {
      "externalEntityId": "test.public.ALERTS.EXAMPLE",
      "name": "test",
      "description": "test",
      "note": "Check If Alphabetic",
      "dimension": "Completeness",
      "evaluatedColumns": [
        {
          "databaseName": "test",
          "schemaName": "public",
          "tableName": "ALERTS",
          "name": "EXAMPLE"
        }
      ],
      "rowsPassed": 1,
      "rowsFailed": 0,
      "qualityScore": 100,
      "result": false,
      "threshold": 30   
    }
  ]
}
]]}
INFO  2018-11-02 11:32:17,032 [[gateway].HTTP_Listener_Configuration.worker.01] org.mule.api.processor.LoggerMessageProcessor: Received a message with payload: ParameterMap{[flowId=[updateRules], payload=[{
  "externalSystemId": "Pandora 5.9.3",
  "communityName": "Pandora 5.9.3",
  "results": [
    {
      "externalEntityId": "test.public.ALERTS.EXAMPLE",
      "name": "test",
      "description": "test",
      "note": "Check If Alphabetic",
      "dimension": "Completeness",
      "evaluatedColumns": [
        {
          "databaseName": "test",
          "schemaName": "public",
          "tableName": "ALERTS",
          "name": "EXAMPLE"
        }
      ],
      "rowsPassed": 1,
      "rowsFailed": 0,
      "qualityScore": 100,
      "result": false,
      "threshold": 30   
    }
  ]
}
]]}
INFO  2018-11-02 11:34:19,838 [[gateway].HTTP_Listener_Configuration.worker.01] org.mule.api.processor.LoggerMessageProcessor: Received a message with payload: ParameterMap{[flowId=[updateRules], payload=[{
  "externalSystemId": "Pandora 5.9.3",
  "communityName": "Pandora 5.9.3",
  "results": [
    {
      "externalEntityId": "test.public.ALERTS.EXAMPLE",
      "name": "test",
      "description": "test",
      "note": "Check If Alphabetic",
      "dimension": "Completeness",
      "evaluatedColumns": [
        {
          "databaseName": "test",
          "schemaName": "public",
          "tableName": "ALERTS",
          "name": "EXAMPLE"
        }
      ],
      "rowsPassed": 1,
      "rowsFailed": 0,
      "qualityScore": 100,
      "result": false,
      "threshold": 30   
    }
  ]
}
]]}
INFO  2018-11-02 11:35:28,648 [[gateway].HTTP_Listener_Configuration.worker.01] org.mule.api.processor.LoggerMessageProcessor: Received a message with payload: ParameterMap{[flowId=[updateRules], payload=[{
  "externalSystemId": "Pandora 5.9.3",
  "communityName": "Pandora 5.9.3",
  "results": [
    {
      "externalEntityId": "test.public.ALERTS.EXAMPLE",
      "name": "test",
      "description": "test",
      "note": "Check If Alphabetic",
      "dimension": "Completeness",
      "evaluatedColumns": [
        {
          "databaseName": "test",
          "schemaName": "public",
          "tableName": "ALERTS",
          "name": "EXAMPLE"
        }
      ],
      "rowsPassed": 1,
      "rowsFailed": 0,
      "qualityScore": 100,
      "result": false,
      "threshold": 30   
    }
  ]
}
]]}
INFO  2018-11-02 11:36:10,665 [[gateway].HTTP_Listener_Configuration.worker.01] org.mule.api.processor.LoggerMessageProcessor: Received a message with payload: ParameterMap{[flowId=[updateRules], payload=[{
  "externalSystemId": "Pandora 5.9.3",
  "communityName": "Pandora 5.9.3",
  "results": [
    {
      "externalEntityId": "test.public.ALERTS.EXAMPLE",
      "name": "test",
      "description": "test",
      "note": "Check If Alphabetic",
      "dimension": "Completeness",
      "evaluatedColumns": [
        {
          "databaseName": "test",
          "schemaName": "public",
          "tableName": "ALERTS",
          "name": "EXAMPLE"
        }
      ],
      "rowsPassed": 1,
      "rowsFailed": 0,
      "qualityScore": 100,
      "result": false,
      "threshold": 30   
    }
  ]
}
]]}
INFO  2018-11-02 11:36:44,138 [[gateway].HTTP_Listener_Configuration.worker.01] org.mule.api.processor.LoggerMessageProcessor: Received a message with payload: ParameterMap{[flowId=[updateRules], payload=[{
  "externalSystemId": "Pandora 5.9.3",
  "communityName": "Pandora 5.9.3",
  "results": [
    {
      "externalEntityId": "test.public.ALERTS.EXAMPLE",
      "name": "test",
      "description": "test",
      "note": "Check If Alphabetic",
      "dimension": "Completeness",
      "evaluatedColumns": [
        {
          "databaseName": "test",
          "schemaName": "public",
          "tableName": "ALERTS",
          "name": "EXAMPLE"
        }
      ],
      "rowsPassed": 1,
      "rowsFailed": 0,
      "qualityScore": 100,
      "result": false,
      "threshold": 30   
    }
  ]
}
]]}
INFO  2018-11-02 11:38:41,452 [[gateway].HTTP_Listener_Configuration.worker.01] org.mule.api.processor.LoggerMessageProcessor: Received a message with payload: ParameterMap{[flowId=[updateRules], payload=[{
  "externalSystemId": "Pandora 5.9.3",
  "communityName": "Pandora 5.9.3",
  "results": [
    {
      "externalEntityId": "test.public.ALERTS.EXAMPLE",
      "name": "test",
      "description": "test",
      "note": "Check If Alphabetic",
      "dimension": "Completeness",
      "evaluatedColumns": [
        {
          "databaseName": "test",
          "schemaName": "public",
          "tableName": "ALERTS",
          "name": "EXAMPLE"
        }
      ],
      "rowsPassed": 1,
      "rowsFailed": 0,
      "qualityScore": 100,
      "result": false,
      "threshold": 30   
    }
  ]
}
]]}
INFO  2018-11-02 11:50:42,257 [[gateway].HTTP_Listener_Configuration.worker.01] org.mule.api.processor.LoggerMessageProcessor: Received a message with payload: ParameterMap{[flowId=[updateRules], payload=[{
  "externalSystemId": "Pandora 5.9.3",
  "communityName": "Pandora 5.9.3",
  "results": [
    {
      "externalEntityId": "test.public.ALERTS.EXAMPLE",
      "name": "test",
      "description": "test",
      "note": "Check If Alphabetic",
      "dimension": "Completeness",
      "evaluatedColumns": [
        {
          "databaseName": "test",
          "schemaName": "public",
          "tableName": "ALERTS",
          "name": "EXAMPLE"
        }
      ],
      "rowsPassed": 1,
      "rowsFailed": 0,
      "qualityScore": 100,
      "result": false,
      "threshold": 30   
    }
  ]
}
]]}
INFO  2018-11-02 11:52:04,433 [[gateway].HTTP_Listener_Configuration.worker.01] org.mule.api.processor.LoggerMessageProcessor: Received a message with payload: ParameterMap{[flowId=[updateRules], payload=[{
  "externalSystemId": "Pandora 5.9.3",
  "communityName": "Pandora 5.9.3",
  "results": [
    {
      "externalEntityId": "test.public.ALERTS.EXAMPLE",
      "name": "test",
      "description": "test",
      "note": "Check If Alphabetic",
      "dimension": "Completeness",
      "evaluatedColumns": [
        {
          "databaseName": "test",
          "schemaName": "public",
          "tableName": "ALERTS",
          "name": "EXAMPLE"
        }
      ],
      "rowsPassed": 1,
      "rowsFailed": 0,
      "qualityScore": 100,
      "result": false,
      "threshold": 30   
    }
  ]
}
]]}
