INFO  2018-11-02 09:21:26,914 [main] org.mule.module.launcher.domain.DefaultMuleDomain: 
++++++++++++++++++++++++++++++++++++++++++++++++++++++++++++
+ New domain 'collibra-domain-1.1'                         +
++++++++++++++++++++++++++++++++++++++++++++++++++++++++++++
INFO  2018-11-02 09:21:26,915 [main] org.mule.module.launcher.domain.DefaultMuleDomain: 
++++++++++++++++++++++++++++++++++++++++++++++++++++++++++++
+ Initializing domain 'collibra-domain-1.1'                +
++++++++++++++++++++++++++++++++++++++++++++++++++++++++++++
INFO  2018-11-02 09:21:27,233 [main] org.mule.lifecycle.AbstractLifecycleManager: Initialising RegistryBroker
INFO  2018-11-02 09:21:27,395 [main] org.mule.config.spring.MuleDomainContext: Refreshing org.mule.config.spring.MuleDomainContext@5827af16: startup date [Fri Nov 02 09:21:27 EDT 2018]; root of context hierarchy
INFO  2018-11-02 09:21:28,613 [main] org.springframework.context.support.PropertySourcesPlaceholderConfigurer: Loading properties file from class path resource [domain.dev.properties]
INFO  2018-11-02 09:21:28,618 [main] org.springframework.context.support.PropertySourcesPlaceholderConfigurer: Loading properties file from class path resource [domain.dev.properties]
INFO  2018-11-02 09:21:28,642 [main] org.mule.config.spring.processors.ContextExclusiveInjectorProcessor: JSR-330 'javax.inject.Inject' annotation found and supported for autowiring
INFO  2018-11-02 09:21:29,335 [main] org.mule.api.security.tls.TlsProperties: Loading configuration file: tls-default.conf
INFO  2018-11-02 09:21:29,614 [main] org.mule.util.journal.TransactionJournal: Using files for tx logs C:\Users\c14699a\AnypointStudio\workspace\.mule\.\.mule\collibra-domain-1.1\queue-tx-log\tx1.log and C:\Users\c14699a\AnypointStudio\workspace\.mule\.\.mule\collibra-domain-1.1\queue-tx-log\tx2.log
INFO  2018-11-02 09:21:29,636 [main] org.mule.util.journal.TransactionJournal: Using files for tx logs C:\Users\c14699a\AnypointStudio\workspace\.mule\.\.mule\collibra-domain-1.1\queue-xa-tx-log\tx1.log and C:\Users\c14699a\AnypointStudio\workspace\.mule\.\.mule\collibra-domain-1.1\queue-xa-tx-log\tx2.log
INFO  2018-11-02 09:21:29,644 [main] org.mule.lifecycle.AbstractLifecycleManager: Initialising connector: domain-shared-vm-connector
INFO  2018-11-02 09:21:29,881 [main] org.mule.config.spring.SpringXmlDomainConfigurationBuilder: Configured Mule using "org.mule.config.spring.SpringXmlDomainConfigurationBuilder" with configuration resource(s): "[ConfigResource{resourceName='mule-domain-config.xml'}]"
INFO  2018-11-02 09:21:29,883 [main] org.mule.util.queue.QueueXaResourceManager: Starting ResourceManager
INFO  2018-11-02 09:21:29,883 [main] org.mule.util.queue.QueueXaResourceManager: Started ResourceManager
INFO  2018-11-02 09:21:29,929 [main] org.mule.module.http.internal.listener.DefaultHttpListenerConfig: Listening for requests on http://0.0.0.0:8081
INFO  2018-11-02 09:21:29,933 [main] org.mule.module.http.internal.listener.DefaultHttpListenerConfig: Listening for requests on https://0.0.0.0:8082
INFO  2018-11-02 09:21:29,935 [main] org.mule.transport.vm.VMConnector: Connected: VMConnector
{
  name=domain-shared-vm-connector
  lifecycle=initialise
  this=49faf066
  numberOfConcurrentTransactedReceivers=4
  createMultipleTransactedReceivers=true
  connected=true
  supportedProtocols=[vm]
  serviceOverrides=<none>
}

INFO  2018-11-02 09:21:29,935 [main] org.mule.transport.vm.VMConnector: Starting: VMConnector
{
  name=domain-shared-vm-connector
  lifecycle=initialise
  this=49faf066
  numberOfConcurrentTransactedReceivers=4
  createMultipleTransactedReceivers=true
  connected=true
  supportedProtocols=[vm]
  serviceOverrides=<none>
}

INFO  2018-11-02 09:21:29,936 [main] org.mule.lifecycle.AbstractLifecycleManager: Starting connector: domain-shared-vm-connector
INFO  2018-11-02 09:21:29,946 [main] org.mule.module.management.agent.WrapperManagerAgent: This JVM hasn't been launched by the wrapper, the agent will not run.
INFO  2018-11-02 09:21:29,956 [main] org.mule.module.management.agent.AbstractJmxAgent: Registered Connector Service with name Mule.collibra-domain-1.1:type=Connector,name="domain-shared-vm-connector"
INFO  2018-11-02 09:21:29,957 [main] org.mule.DefaultMuleContext: 
**********************************************************************
* Application: collibra-domain-1.1                                   *
* OS encoding: \, Mule encoding: UTF-8                               *
*                                                                    *
* Agents Running:                                                    *
*   JMX Agent                                                        *
*   Wrapper Manager                                                  *
**********************************************************************
