INFO  2018-11-01 11:06:00,049 [main] org.mule.module.launcher.domain.DefaultMuleDomain: 
++++++++++++++++++++++++++++++++++++++++++++++++++++++++++++
+ New domain 'collibra-domain'                             +
++++++++++++++++++++++++++++++++++++++++++++++++++++++++++++
INFO  2018-11-01 11:06:00,050 [main] org.mule.module.launcher.domain.DefaultMuleDomain: 
++++++++++++++++++++++++++++++++++++++++++++++++++++++++++++
+ Initializing domain 'collibra-domain'                    +
++++++++++++++++++++++++++++++++++++++++++++++++++++++++++++
INFO  2018-11-01 11:06:00,319 [main] org.mule.lifecycle.AbstractLifecycleManager: Initialising RegistryBroker
INFO  2018-11-01 11:06:00,465 [main] org.mule.config.spring.MuleDomainContext: Refreshing org.mule.config.spring.MuleDomainContext@7be58f16: startup date [Thu Nov 01 11:06:00 EDT 2018]; root of context hierarchy
INFO  2018-11-01 11:06:01,600 [main] org.mule.config.spring.processors.ContextExclusiveInjectorProcessor: JSR-330 'javax.inject.Inject' annotation found and supported for autowiring
INFO  2018-11-01 11:06:02,025 [main] org.mule.util.journal.TransactionJournal: Using files for tx logs C:\Users\c14699a\AnypointStudio\workspace\.mule\.\.mule\collibra-domain\queue-tx-log\tx1.log and C:\Users\c14699a\AnypointStudio\workspace\.mule\.\.mule\collibra-domain\queue-tx-log\tx2.log
INFO  2018-11-01 11:06:02,044 [main] org.mule.util.journal.TransactionJournal: Using files for tx logs C:\Users\c14699a\AnypointStudio\workspace\.mule\.\.mule\collibra-domain\queue-xa-tx-log\tx1.log and C:\Users\c14699a\AnypointStudio\workspace\.mule\.\.mule\collibra-domain\queue-xa-tx-log\tx2.log
INFO  2018-11-01 11:06:02,051 [main] org.mule.lifecycle.AbstractLifecycleManager: Initialising connector: shared_vm_connector
INFO  2018-11-01 11:06:02,397 [main] org.mule.config.spring.SpringXmlDomainConfigurationBuilder: Configured Mule using "org.mule.config.spring.SpringXmlDomainConfigurationBuilder" with configuration resource(s): "[ConfigResource{resourceName='mule-domain-config.xml'}]"
INFO  2018-11-01 11:06:02,399 [main] org.mule.util.queue.QueueXaResourceManager: Starting ResourceManager
INFO  2018-11-01 11:06:02,399 [main] org.mule.util.queue.QueueXaResourceManager: Started ResourceManager
INFO  2018-11-01 11:06:02,423 [main] org.mule.transport.vm.VMConnector: Connected: VMConnector
{
  name=shared_vm_connector
  lifecycle=initialise
  this=3bfc6a5e
  numberOfConcurrentTransactedReceivers=4
  createMultipleTransactedReceivers=true
  connected=true
  supportedProtocols=[vm]
  serviceOverrides=<none>
}

INFO  2018-11-01 11:06:02,424 [main] org.mule.transport.vm.VMConnector: Starting: VMConnector
{
  name=shared_vm_connector
  lifecycle=initialise
  this=3bfc6a5e
  numberOfConcurrentTransactedReceivers=4
  createMultipleTransactedReceivers=true
  connected=true
  supportedProtocols=[vm]
  serviceOverrides=<none>
}

INFO  2018-11-01 11:06:02,424 [main] org.mule.lifecycle.AbstractLifecycleManager: Starting connector: shared_vm_connector
INFO  2018-11-01 11:06:02,436 [main] org.mule.module.management.agent.WrapperManagerAgent: This JVM hasn't been launched by the wrapper, the agent will not run.
INFO  2018-11-01 11:06:02,446 [main] org.mule.module.management.agent.AbstractJmxAgent: Registered Connector Service with name Mule.collibra-domain:type=Connector,name="shared_vm_connector"
INFO  2018-11-01 11:06:02,447 [main] org.mule.DefaultMuleContext: 
**********************************************************************
* Application: collibra-domain                                       *
* OS encoding: \, Mule encoding: UTF-8                               *
*                                                                    *
* Agents Running:                                                    *
*   JMX Agent                                                        *
*   Wrapper Manager                                                  *
**********************************************************************
INFO  2018-11-01 11:08:21,453 [main] org.mule.module.launcher.domain.DefaultMuleDomain: 
++++++++++++++++++++++++++++++++++++++++++++++++++++++++++++
+ New domain 'collibra-domain'                             +
++++++++++++++++++++++++++++++++++++++++++++++++++++++++++++
INFO  2018-11-01 11:08:21,454 [main] org.mule.module.launcher.domain.DefaultMuleDomain: 
++++++++++++++++++++++++++++++++++++++++++++++++++++++++++++
+ Initializing domain 'collibra-domain'                    +
++++++++++++++++++++++++++++++++++++++++++++++++++++++++++++
INFO  2018-11-01 11:08:21,749 [main] org.mule.lifecycle.AbstractLifecycleManager: Initialising RegistryBroker
INFO  2018-11-01 11:08:21,898 [main] org.mule.config.spring.MuleDomainContext: Refreshing org.mule.config.spring.MuleDomainContext@7be58f16: startup date [Thu Nov 01 11:08:21 EDT 2018]; root of context hierarchy
INFO  2018-11-01 11:08:23,003 [main] org.mule.config.spring.processors.ContextExclusiveInjectorProcessor: JSR-330 'javax.inject.Inject' annotation found and supported for autowiring
INFO  2018-11-01 11:08:23,459 [main] org.mule.util.journal.TransactionJournal: Using files for tx logs C:\Users\c14699a\AnypointStudio\workspace\.mule\.\.mule\collibra-domain\queue-tx-log\tx1.log and C:\Users\c14699a\AnypointStudio\workspace\.mule\.\.mule\collibra-domain\queue-tx-log\tx2.log
INFO  2018-11-01 11:08:23,476 [main] org.mule.util.journal.TransactionJournal: Using files for tx logs C:\Users\c14699a\AnypointStudio\workspace\.mule\.\.mule\collibra-domain\queue-xa-tx-log\tx1.log and C:\Users\c14699a\AnypointStudio\workspace\.mule\.\.mule\collibra-domain\queue-xa-tx-log\tx2.log
INFO  2018-11-01 11:08:23,483 [main] org.mule.lifecycle.AbstractLifecycleManager: Initialising connector: shared_vm_connector
INFO  2018-11-01 11:08:23,788 [main] org.mule.config.spring.SpringXmlDomainConfigurationBuilder: Configured Mule using "org.mule.config.spring.SpringXmlDomainConfigurationBuilder" with configuration resource(s): "[ConfigResource{resourceName='mule-domain-config.xml'}]"
INFO  2018-11-01 11:08:23,790 [main] org.mule.util.queue.QueueXaResourceManager: Starting ResourceManager
INFO  2018-11-01 11:08:23,790 [main] org.mule.util.queue.QueueXaResourceManager: Started ResourceManager
INFO  2018-11-01 11:08:23,815 [main] org.mule.transport.vm.VMConnector: Connected: VMConnector
{
  name=shared_vm_connector
  lifecycle=initialise
  this=abff8b7
  numberOfConcurrentTransactedReceivers=4
  createMultipleTransactedReceivers=true
  connected=true
  supportedProtocols=[vm]
  serviceOverrides=<none>
}

INFO  2018-11-01 11:08:23,815 [main] org.mule.transport.vm.VMConnector: Starting: VMConnector
{
  name=shared_vm_connector
  lifecycle=initialise
  this=abff8b7
  numberOfConcurrentTransactedReceivers=4
  createMultipleTransactedReceivers=true
  connected=true
  supportedProtocols=[vm]
  serviceOverrides=<none>
}

INFO  2018-11-01 11:08:23,816 [main] org.mule.lifecycle.AbstractLifecycleManager: Starting connector: shared_vm_connector
INFO  2018-11-01 11:08:23,826 [main] org.mule.module.management.agent.WrapperManagerAgent: This JVM hasn't been launched by the wrapper, the agent will not run.
INFO  2018-11-01 11:08:23,836 [main] org.mule.module.management.agent.AbstractJmxAgent: Registered Connector Service with name Mule.collibra-domain:type=Connector,name="shared_vm_connector"
INFO  2018-11-01 11:08:23,837 [main] org.mule.DefaultMuleContext: 
**********************************************************************
* Application: collibra-domain                                       *
* OS encoding: \, Mule encoding: UTF-8                               *
*                                                                    *
* Agents Running:                                                    *
*   JMX Agent                                                        *
*   Wrapper Manager                                                  *
**********************************************************************
INFO  2018-11-01 11:14:34,093 [main] org.mule.module.launcher.domain.DefaultMuleDomain: 
++++++++++++++++++++++++++++++++++++++++++++++++++++++++++++
+ New domain 'collibra-domain'                             +
++++++++++++++++++++++++++++++++++++++++++++++++++++++++++++
INFO  2018-11-01 11:14:34,094 [main] org.mule.module.launcher.domain.DefaultMuleDomain: 
++++++++++++++++++++++++++++++++++++++++++++++++++++++++++++
+ Initializing domain 'collibra-domain'                    +
++++++++++++++++++++++++++++++++++++++++++++++++++++++++++++
INFO  2018-11-01 11:14:34,367 [main] org.mule.lifecycle.AbstractLifecycleManager: Initialising RegistryBroker
INFO  2018-11-01 11:14:34,510 [main] org.mule.config.spring.MuleDomainContext: Refreshing org.mule.config.spring.MuleDomainContext@7be58f16: startup date [Thu Nov 01 11:14:34 EDT 2018]; root of context hierarchy
INFO  2018-11-01 11:14:35,577 [main] org.mule.config.spring.processors.ContextExclusiveInjectorProcessor: JSR-330 'javax.inject.Inject' annotation found and supported for autowiring
INFO  2018-11-01 11:14:35,961 [main] org.mule.util.journal.TransactionJournal: Using files for tx logs C:\Users\c14699a\AnypointStudio\workspace\.mule\.\.mule\collibra-domain\queue-tx-log\tx1.log and C:\Users\c14699a\AnypointStudio\workspace\.mule\.\.mule\collibra-domain\queue-tx-log\tx2.log
INFO  2018-11-01 11:14:35,976 [main] org.mule.util.journal.TransactionJournal: Using files for tx logs C:\Users\c14699a\AnypointStudio\workspace\.mule\.\.mule\collibra-domain\queue-xa-tx-log\tx1.log and C:\Users\c14699a\AnypointStudio\workspace\.mule\.\.mule\collibra-domain\queue-xa-tx-log\tx2.log
INFO  2018-11-01 11:14:35,984 [main] org.mule.lifecycle.AbstractLifecycleManager: Initialising connector: shared_vm_connector
INFO  2018-11-01 11:14:36,308 [main] org.mule.config.spring.SpringXmlDomainConfigurationBuilder: Configured Mule using "org.mule.config.spring.SpringXmlDomainConfigurationBuilder" with configuration resource(s): "[ConfigResource{resourceName='mule-domain-config.xml'}]"
INFO  2018-11-01 11:14:36,312 [main] org.mule.util.queue.QueueXaResourceManager: Starting ResourceManager
INFO  2018-11-01 11:14:36,312 [main] org.mule.util.queue.QueueXaResourceManager: Started ResourceManager
INFO  2018-11-01 11:14:36,336 [main] org.mule.transport.vm.VMConnector: Connected: VMConnector
{
  name=shared_vm_connector
  lifecycle=initialise
  this=3bfc6a5e
  numberOfConcurrentTransactedReceivers=4
  createMultipleTransactedReceivers=true
  connected=true
  supportedProtocols=[vm]
  serviceOverrides=<none>
}

INFO  2018-11-01 11:14:36,336 [main] org.mule.transport.vm.VMConnector: Starting: VMConnector
{
  name=shared_vm_connector
  lifecycle=initialise
  this=3bfc6a5e
  numberOfConcurrentTransactedReceivers=4
  createMultipleTransactedReceivers=true
  connected=true
  supportedProtocols=[vm]
  serviceOverrides=<none>
}

INFO  2018-11-01 11:14:36,336 [main] org.mule.lifecycle.AbstractLifecycleManager: Starting connector: shared_vm_connector
INFO  2018-11-01 11:14:36,348 [main] org.mule.module.management.agent.WrapperManagerAgent: This JVM hasn't been launched by the wrapper, the agent will not run.
INFO  2018-11-01 11:14:36,356 [main] org.mule.module.management.agent.AbstractJmxAgent: Registered Connector Service with name Mule.collibra-domain:type=Connector,name="shared_vm_connector"
INFO  2018-11-01 11:14:36,358 [main] org.mule.DefaultMuleContext: 
**********************************************************************
* Application: collibra-domain                                       *
* OS encoding: \, Mule encoding: UTF-8                               *
*                                                                    *
* Agents Running:                                                    *
*   JMX Agent                                                        *
*   Wrapper Manager                                                  *
**********************************************************************
INFO  2018-11-01 14:09:44,910 [main] org.mule.module.launcher.domain.DefaultMuleDomain: 
++++++++++++++++++++++++++++++++++++++++++++++++++++++++++++
+ New domain 'collibra-domain'                             +
++++++++++++++++++++++++++++++++++++++++++++++++++++++++++++
INFO  2018-11-01 14:09:44,911 [main] org.mule.module.launcher.domain.DefaultMuleDomain: 
++++++++++++++++++++++++++++++++++++++++++++++++++++++++++++
+ Initializing domain 'collibra-domain'                    +
++++++++++++++++++++++++++++++++++++++++++++++++++++++++++++
INFO  2018-11-01 14:09:45,449 [main] org.mule.lifecycle.AbstractLifecycleManager: Initialising RegistryBroker
INFO  2018-11-01 14:09:45,626 [main] org.mule.config.spring.MuleDomainContext: Refreshing org.mule.config.spring.MuleDomainContext@7be58f16: startup date [Thu Nov 01 14:09:45 EDT 2018]; root of context hierarchy
INFO  2018-11-01 14:09:46,952 [main] org.mule.config.spring.processors.ContextExclusiveInjectorProcessor: JSR-330 'javax.inject.Inject' annotation found and supported for autowiring
INFO  2018-11-01 14:09:47,390 [main] org.mule.util.journal.TransactionJournal: Using files for tx logs C:\Users\c14699a\AnypointStudio\workspace\.mule\.\.mule\collibra-domain\queue-tx-log\tx1.log and C:\Users\c14699a\AnypointStudio\workspace\.mule\.\.mule\collibra-domain\queue-tx-log\tx2.log
INFO  2018-11-01 14:09:47,414 [main] org.mule.util.journal.TransactionJournal: Using files for tx logs C:\Users\c14699a\AnypointStudio\workspace\.mule\.\.mule\collibra-domain\queue-xa-tx-log\tx1.log and C:\Users\c14699a\AnypointStudio\workspace\.mule\.\.mule\collibra-domain\queue-xa-tx-log\tx2.log
INFO  2018-11-01 14:09:47,421 [main] org.mule.lifecycle.AbstractLifecycleManager: Initialising connector: shared_vm_connector
INFO  2018-11-01 14:09:47,778 [main] org.mule.config.spring.SpringXmlDomainConfigurationBuilder: Configured Mule using "org.mule.config.spring.SpringXmlDomainConfigurationBuilder" with configuration resource(s): "[ConfigResource{resourceName='mule-domain-config.xml'}]"
INFO  2018-11-01 14:09:47,782 [main] org.mule.util.queue.QueueXaResourceManager: Starting ResourceManager
INFO  2018-11-01 14:09:47,782 [main] org.mule.util.queue.QueueXaResourceManager: Started ResourceManager
INFO  2018-11-01 14:09:47,814 [main] org.mule.transport.vm.VMConnector: Connected: VMConnector
{
  name=shared_vm_connector
  lifecycle=initialise
  this=3bfc6a5e
  numberOfConcurrentTransactedReceivers=4
  createMultipleTransactedReceivers=true
  connected=true
  supportedProtocols=[vm]
  serviceOverrides=<none>
}

INFO  2018-11-01 14:09:47,814 [main] org.mule.transport.vm.VMConnector: Starting: VMConnector
{
  name=shared_vm_connector
  lifecycle=initialise
  this=3bfc6a5e
  numberOfConcurrentTransactedReceivers=4
  createMultipleTransactedReceivers=true
  connected=true
  supportedProtocols=[vm]
  serviceOverrides=<none>
}

INFO  2018-11-01 14:09:47,814 [main] org.mule.lifecycle.AbstractLifecycleManager: Starting connector: shared_vm_connector
INFO  2018-11-01 14:09:47,828 [main] org.mule.module.management.agent.WrapperManagerAgent: This JVM hasn't been launched by the wrapper, the agent will not run.
INFO  2018-11-01 14:09:50,340 [main] org.mule.module.management.agent.AbstractJmxAgent: Registered Connector Service with name Mule.collibra-domain:type=Connector,name="shared_vm_connector"
INFO  2018-11-01 14:09:50,341 [main] org.mule.DefaultMuleContext: 
**********************************************************************
* Application: collibra-domain                                       *
* OS encoding: \, Mule encoding: UTF-8                               *
*                                                                    *
* Agents Running:                                                    *
*   JMX Agent                                                        *
*   Wrapper Manager                                                  *
**********************************************************************
INFO  2018-11-01 14:17:13,145 [main] org.mule.module.launcher.domain.DefaultMuleDomain: 
++++++++++++++++++++++++++++++++++++++++++++++++++++++++++++
+ New domain 'collibra-domain'                             +
++++++++++++++++++++++++++++++++++++++++++++++++++++++++++++
INFO  2018-11-01 14:17:13,146 [main] org.mule.module.launcher.domain.DefaultMuleDomain: 
++++++++++++++++++++++++++++++++++++++++++++++++++++++++++++
+ Initializing domain 'collibra-domain'                    +
++++++++++++++++++++++++++++++++++++++++++++++++++++++++++++
INFO  2018-11-01 14:17:13,418 [main] org.mule.lifecycle.AbstractLifecycleManager: Initialising RegistryBroker
INFO  2018-11-01 14:17:13,562 [main] org.mule.config.spring.MuleDomainContext: Refreshing org.mule.config.spring.MuleDomainContext@7be58f16: startup date [Thu Nov 01 14:17:13 EDT 2018]; root of context hierarchy
INFO  2018-11-01 14:17:14,650 [main] org.mule.config.spring.processors.ContextExclusiveInjectorProcessor: JSR-330 'javax.inject.Inject' annotation found and supported for autowiring
INFO  2018-11-01 14:17:15,050 [main] org.mule.util.journal.TransactionJournal: Using files for tx logs C:\Users\c14699a\AnypointStudio\workspace\.mule\.\.mule\collibra-domain\queue-tx-log\tx1.log and C:\Users\c14699a\AnypointStudio\workspace\.mule\.\.mule\collibra-domain\queue-tx-log\tx2.log
INFO  2018-11-01 14:17:15,066 [main] org.mule.util.journal.TransactionJournal: Using files for tx logs C:\Users\c14699a\AnypointStudio\workspace\.mule\.\.mule\collibra-domain\queue-xa-tx-log\tx1.log and C:\Users\c14699a\AnypointStudio\workspace\.mule\.\.mule\collibra-domain\queue-xa-tx-log\tx2.log
INFO  2018-11-01 14:17:15,072 [main] org.mule.lifecycle.AbstractLifecycleManager: Initialising connector: shared_vm_connector
INFO  2018-11-01 14:17:15,404 [main] org.mule.config.spring.SpringXmlDomainConfigurationBuilder: Configured Mule using "org.mule.config.spring.SpringXmlDomainConfigurationBuilder" with configuration resource(s): "[ConfigResource{resourceName='mule-domain-config.xml'}]"
INFO  2018-11-01 14:17:15,407 [main] org.mule.util.queue.QueueXaResourceManager: Starting ResourceManager
INFO  2018-11-01 14:17:15,408 [main] org.mule.util.queue.QueueXaResourceManager: Started ResourceManager
INFO  2018-11-01 14:17:15,432 [main] org.mule.transport.vm.VMConnector: Connected: VMConnector
{
  name=shared_vm_connector
  lifecycle=initialise
  this=3bfc6a5e
  numberOfConcurrentTransactedReceivers=4
  createMultipleTransactedReceivers=true
  connected=true
  supportedProtocols=[vm]
  serviceOverrides=<none>
}

INFO  2018-11-01 14:17:15,432 [main] org.mule.transport.vm.VMConnector: Starting: VMConnector
{
  name=shared_vm_connector
  lifecycle=initialise
  this=3bfc6a5e
  numberOfConcurrentTransactedReceivers=4
  createMultipleTransactedReceivers=true
  connected=true
  supportedProtocols=[vm]
  serviceOverrides=<none>
}

INFO  2018-11-01 14:17:15,432 [main] org.mule.lifecycle.AbstractLifecycleManager: Starting connector: shared_vm_connector
INFO  2018-11-01 14:17:15,442 [main] org.mule.module.management.agent.WrapperManagerAgent: This JVM hasn't been launched by the wrapper, the agent will not run.
INFO  2018-11-01 14:17:15,450 [main] org.mule.module.management.agent.AbstractJmxAgent: Registered Connector Service with name Mule.collibra-domain:type=Connector,name="shared_vm_connector"
INFO  2018-11-01 14:17:15,451 [main] org.mule.DefaultMuleContext: 
**********************************************************************
* Application: collibra-domain                                       *
* OS encoding: \, Mule encoding: UTF-8                               *
*                                                                    *
* Agents Running:                                                    *
*   JMX Agent                                                        *
*   Wrapper Manager                                                  *
**********************************************************************
INFO  2018-11-01 14:19:04,860 [main] org.mule.module.launcher.domain.DefaultMuleDomain: 
++++++++++++++++++++++++++++++++++++++++++++++++++++++++++++
+ New domain 'collibra-domain'                             +
++++++++++++++++++++++++++++++++++++++++++++++++++++++++++++
INFO  2018-11-01 14:19:04,861 [main] org.mule.module.launcher.domain.DefaultMuleDomain: 
++++++++++++++++++++++++++++++++++++++++++++++++++++++++++++
+ Initializing domain 'collibra-domain'                    +
++++++++++++++++++++++++++++++++++++++++++++++++++++++++++++
INFO  2018-11-01 14:19:05,127 [main] org.mule.lifecycle.AbstractLifecycleManager: Initialising RegistryBroker
INFO  2018-11-01 14:19:05,271 [main] org.mule.config.spring.MuleDomainContext: Refreshing org.mule.config.spring.MuleDomainContext@7be58f16: startup date [Thu Nov 01 14:19:05 EDT 2018]; root of context hierarchy
INFO  2018-11-01 14:19:06,332 [main] org.mule.config.spring.processors.ContextExclusiveInjectorProcessor: JSR-330 'javax.inject.Inject' annotation found and supported for autowiring
INFO  2018-11-01 14:19:06,828 [main] org.mule.util.journal.TransactionJournal: Using files for tx logs C:\Users\c14699a\AnypointStudio\workspace\.mule\.\.mule\collibra-domain\queue-tx-log\tx1.log and C:\Users\c14699a\AnypointStudio\workspace\.mule\.\.mule\collibra-domain\queue-tx-log\tx2.log
INFO  2018-11-01 14:19:06,847 [main] org.mule.util.journal.TransactionJournal: Using files for tx logs C:\Users\c14699a\AnypointStudio\workspace\.mule\.\.mule\collibra-domain\queue-xa-tx-log\tx1.log and C:\Users\c14699a\AnypointStudio\workspace\.mule\.\.mule\collibra-domain\queue-xa-tx-log\tx2.log
INFO  2018-11-01 14:19:06,855 [main] org.mule.lifecycle.AbstractLifecycleManager: Initialising connector: shared_vm_connector
INFO  2018-11-01 14:19:07,173 [main] org.mule.config.spring.SpringXmlDomainConfigurationBuilder: Configured Mule using "org.mule.config.spring.SpringXmlDomainConfigurationBuilder" with configuration resource(s): "[ConfigResource{resourceName='mule-domain-config.xml'}]"
INFO  2018-11-01 14:19:07,175 [main] org.mule.util.queue.QueueXaResourceManager: Starting ResourceManager
INFO  2018-11-01 14:19:07,175 [main] org.mule.util.queue.QueueXaResourceManager: Started ResourceManager
INFO  2018-11-01 14:19:07,199 [main] org.mule.transport.vm.VMConnector: Connected: VMConnector
{
  name=shared_vm_connector
  lifecycle=initialise
  this=3bfc6a5e
  numberOfConcurrentTransactedReceivers=4
  createMultipleTransactedReceivers=true
  connected=true
  supportedProtocols=[vm]
  serviceOverrides=<none>
}

INFO  2018-11-01 14:19:07,199 [main] org.mule.transport.vm.VMConnector: Starting: VMConnector
{
  name=shared_vm_connector
  lifecycle=initialise
  this=3bfc6a5e
  numberOfConcurrentTransactedReceivers=4
  createMultipleTransactedReceivers=true
  connected=true
  supportedProtocols=[vm]
  serviceOverrides=<none>
}

INFO  2018-11-01 14:19:07,200 [main] org.mule.lifecycle.AbstractLifecycleManager: Starting connector: shared_vm_connector
INFO  2018-11-01 14:19:07,211 [main] org.mule.module.management.agent.WrapperManagerAgent: This JVM hasn't been launched by the wrapper, the agent will not run.
INFO  2018-11-01 14:19:07,222 [main] org.mule.module.management.agent.AbstractJmxAgent: Registered Connector Service with name Mule.collibra-domain:type=Connector,name="shared_vm_connector"
INFO  2018-11-01 14:19:07,224 [main] org.mule.DefaultMuleContext: 
**********************************************************************
* Application: collibra-domain                                       *
* OS encoding: \, Mule encoding: UTF-8                               *
*                                                                    *
* Agents Running:                                                    *
*   JMX Agent                                                        *
*   Wrapper Manager                                                  *
**********************************************************************
